{"level":"error","message":"Invalid User","timestamp":"2021-11-25T13:42:11.142Z"}
{"level":"error","message":"Invalid Credential","timestamp":"2021-11-25T13:42:11.142Z"}
{"level":"error","message":null,"timestamp":"2021-11-25T18:16:51.812Z"}
{"level":"error","message":null,"timestamp":"2021-11-25T18:19:05.714Z"}
{"level":"error","message":null,"timestamp":"2021-11-25T18:21:19.385Z"}
{"level":"error","message":null,"timestamp":"2021-11-25T20:25:02.856Z"}
{"level":"error","message":"Invalid User","timestamp":"2021-11-25T20:31:05.980Z"}
{"level":"error","message":"Invalid Credential","timestamp":"2021-11-25T20:31:05.981Z"}
{"level":"error","message":null,"timestamp":"2021-11-25T20:33:51.647Z"}
{"level":"error","message":null,"timestamp":"2021-11-25T20:35:44.250Z"}
{"level":"error","message":null,"timestamp":"2021-11-25T20:35:46.486Z"}
{"level":"error","message":"Internal server error","timestamp":"2021-11-29T18:18:26.801Z"}
{"level":"error","message":"Internal server error","timestamp":"2021-11-29T18:19:58.647Z"}
{"level":"error","message":"Internal server error","timestamp":"2021-11-29T18:26:15.079Z"}
{"level":"error","message":"Internal server error","timestamp":"2021-11-29T18:27:08.548Z"}
{"level":"error","message":"Internal server error","timestamp":"2021-11-29T18:33:10.793Z"}
{"level":"error","message":"Internal server error","timestamp":"2021-11-29T18:33:13.283Z"}
{"level":"error","message":"Internal server error","timestamp":"2021-11-29T18:39:19.716Z"}
{"level":"error","message":"Internal server error","timestamp":"2021-11-29T19:18:22.639Z"}
{"level":"error","message":"Internal server error","timestamp":"2021-11-29T19:19:19.343Z"}
{"level":"error","message":"Internal server error","timestamp":"2021-11-29T19:20:23.388Z"}
{"level":"error","message":"Internal server error","timestamp":"2021-11-29T19:20:43.165Z"}
{"level":"error","message":"Internal server error","timestamp":"2021-11-29T19:21:00.083Z"}
{"level":"error","message":"Internal server error","timestamp":"2021-11-30T02:40:28.204Z"}
{"level":"error","message":"Internal server error","timestamp":"2021-12-02T18:23:39.096Z"}
{"level":"error","message":"Internal server error","timestamp":"2021-12-02T18:23:45.393Z"}
{"level":"error","message":"Internal server error","timestamp":"2021-12-02T18:27:36.347Z"}
{"level":"error","message":"Internal server error","timestamp":"2021-12-02T18:28:00.374Z"}
{"level":"error","message":"Find error in model","timestamp":"2021-12-02T18:31:56.687Z"}
{"level":"error","message":"Find error in model","timestamp":"2021-12-02T18:31:56.814Z"}
{"level":"error","message":"Wrong Input Validations","timestamp":"2021-12-02T18:31:56.838Z"}
{"level":"error","message":"Wrong Input Validations","timestamp":"2021-12-02T18:31:56.858Z"}
{"level":"error","message":"Invalid User","timestamp":"2021-12-02T18:31:56.884Z"}
{"level":"error","message":"Invalid Credential","timestamp":"2021-12-02T18:31:56.885Z"}
{"level":"error","message":"Invalid password","timestamp":"2021-12-02T18:31:56.941Z"}
{"level":"error","message":"Invalid password","timestamp":"2021-12-02T18:31:57.057Z"}
{"level":"error","message":"Find error in model","timestamp":"2021-12-02T18:33:30.492Z"}
{"level":"error","message":"Find error in model","timestamp":"2021-12-02T18:33:31.095Z"}
{"level":"error","message":"Invalid User","timestamp":"2021-12-02T18:33:31.180Z"}
{"level":"error","message":"Invalid Credential","timestamp":"2021-12-02T18:33:31.181Z"}
{"level":"error","message":"Wrong Input Validations","timestamp":"2021-12-02T18:33:31.194Z"}
{"level":"error","message":"Wrong Input Validations","timestamp":"2021-12-02T18:33:31.239Z"}
{"level":"error","message":"Invalid password","timestamp":"2021-12-02T18:33:31.292Z"}
{"level":"error","message":"Invalid password","timestamp":"2021-12-02T18:33:31.340Z"}
{"level":"error","message":"Find error in model","timestamp":"2021-12-02T18:36:01.332Z"}
{"level":"error","message":"Find error in model","timestamp":"2021-12-02T18:36:01.607Z"}
{"level":"error","message":"Invalid User","timestamp":"2021-12-02T18:36:01.646Z"}
{"level":"error","message":"Invalid Credential","timestamp":"2021-12-02T18:36:01.647Z"}
{"level":"error","message":"Wrong Input Validations","timestamp":"2021-12-02T18:36:01.659Z"}
{"level":"error","message":"Wrong Input Validations","timestamp":"2021-12-02T18:36:01.695Z"}
{"level":"error","message":"Internal server error","timestamp":"2021-12-02T18:36:01.721Z"}
{"level":"error","message":"Internal server error","timestamp":"2021-12-02T18:36:01.778Z"}
{"level":"error","message":"Find error in model","timestamp":"2021-12-02T18:39:08.873Z"}
{"level":"error","message":"Find error in model","timestamp":"2021-12-02T18:39:09.165Z"}
{"level":"error","message":null,"timestamp":"2021-12-02T18:39:09.369Z"}
{"level":"error","message":"Wrong Input Validations","timestamp":"2021-12-02T18:39:09.377Z"}
{"level":"error","message":"Wrong Input Validations","timestamp":"2021-12-02T18:39:09.401Z"}
{"level":"error","message":"Internal server error","timestamp":"2021-12-02T18:39:09.427Z"}
{"level":"error","message":"Internal server error","timestamp":"2021-12-02T18:39:09.459Z"}
{"level":"error","message":"Find error in model","timestamp":"2021-12-02T18:40:24.831Z"}
{"level":"error","message":"Find error in model","timestamp":"2021-12-02T18:40:25.124Z"}
{"level":"error","message":"Wrong Input Validations","timestamp":"2021-12-02T18:40:25.410Z"}
{"level":"error","message":null,"timestamp":"2021-12-02T18:40:25.414Z"}
{"level":"error","message":"Wrong Input Validations","timestamp":"2021-12-02T18:40:25.443Z"}
{"level":"error","message":"Find error in model","timestamp":"2021-12-02T18:43:03.872Z"}
{"level":"error","message":null,"timestamp":"2021-12-02T18:43:04.146Z"}
{"_original":{"email":"sandipan11@gmailcom","password":"Sandip@12345"},"details":[{"context":{"key":"email","label":"email","regex":{},"value":"sandipan11@gmailcom"},"message":"\"email\" with value \"sandipan11@gmailcom\" fails to match the required pattern: /^[a-zA-Z0-9]+([+_.-][a-zA-Z0-9]+)*[@][a-zA-Z0-9]+[.][a-zA-Z]{2,4}([.][a-zA-Z]{2,4})?$/","path":["email"],"type":"string.pattern.base"}],"level":"error","timestamp":"2021-12-02T18:43:04.157Z"}
{"level":"error","message":"Find error in model","timestamp":"2021-12-02T18:43:04.160Z"}
{"level":"error","message":"Invalid User","timestamp":"2021-12-02T18:43:04.204Z"}
{"level":"error","message":"Invalid Credential","timestamp":"2021-12-02T18:43:04.205Z"}
{"level":"error","message":"Wrong Input Validations","timestamp":"2021-12-02T18:43:04.214Z"}
{"level":"error","message":"Wrong Input Validations","timestamp":"2021-12-02T18:43:04.244Z"}
{"level":"error","message":"Find error in model","timestamp":"2021-12-02T18:47:51.372Z"}
{"level":"error","message":null,"timestamp":"2021-12-02T18:47:51.624Z"}
{"_original":{"email":"sandipan11@gmailcom","password":"Sandip@12345"},"details":[{"context":{"key":"email","label":"email","regex":{},"value":"sandipan11@gmailcom"},"message":"\"email\" with value \"sandipan11@gmailcom\" fails to match the required pattern: /^[a-zA-Z0-9]+([+_.-][a-zA-Z0-9]+)*[@][a-zA-Z0-9]+[.][a-zA-Z]{2,4}([.][a-zA-Z]{2,4})?$/","path":["email"],"type":"string.pattern.base"}],"level":"error","timestamp":"2021-12-02T18:47:51.637Z"}
{"level":"error","message":"Find error in model","timestamp":"2021-12-02T18:47:51.640Z"}
{"level":"error","message":"Invalid User","timestamp":"2021-12-02T18:47:51.681Z"}
{"level":"error","message":"Invalid Credential","timestamp":"2021-12-02T18:47:51.683Z"}
{"level":"error","message":"Internal server error","timestamp":"2021-12-02T18:47:51.697Z"}
{"level":"error","message":"Wrong Input Validations","timestamp":"2021-12-02T18:47:51.750Z"}
{"level":"error","message":"Internal server error","timestamp":"2021-12-02T18:58:58.715Z"}
{"level":"error","message":"Find error in model","timestamp":"2021-12-02T19:11:47.980Z"}
{"_original":{"email":"sandipanseal11@yahoo.com"},"details":[{"context":{"key":"password","label":"password"},"message":"\"password\" is required","path":["password"],"type":"any.required"}],"level":"error","timestamp":"2021-12-05T10:28:06.437Z"}
{"level":"error","message":null,"timestamp":"2021-12-05T10:37:25.138Z"}
{"level":"error","message":null,"timestamp":"2021-12-05T10:50:17.724Z"}
{"level":"error","message":null,"timestamp":"2021-12-05T10:50:52.436Z"}
{"level":"error","message":null,"timestamp":"2021-12-05T10:54:23.287Z"}
{"level":"error","message":null,"timestamp":"2021-12-05T10:54:55.890Z"}
{"level":"error","message":null,"timestamp":"2021-12-05T11:06:46.951Z"}
{"level":"error","message":null,"timestamp":"2021-12-05T11:06:59.309Z"}
{"level":"error","message":null,"timestamp":"2021-12-05T11:07:13.446Z"}
{"level":"error","message":null,"timestamp":"2021-12-05T11:10:12.095Z"}
{"level":"error","message":null,"timestamp":"2021-12-05T11:49:39.265Z"}
{"level":"error","message":null,"timestamp":"2021-12-05T12:01:11.039Z"}
{"_original":{"email":"sandipan11@gmailcom","password":"Sandip@12345"},"details":[{"context":{"key":"email","label":"email","regex":{},"value":"sandipan11@gmailcom"},"message":"\"email\" with value \"sandipan11@gmailcom\" fails to match the required pattern: /^[a-zA-Z0-9]+([+_.-][a-zA-Z0-9]+)*[@][a-zA-Z0-9]+[.][a-zA-Z]{2,4}([.][a-zA-Z]{2,4})?$/","path":["email"],"type":"string.pattern.base"}],"level":"error","timestamp":"2021-12-05T12:01:11.077Z"}
{"level":"error","message":"Invalid User","timestamp":"2021-12-05T12:01:11.095Z"}
{"level":"error","message":"Invalid Credential","timestamp":"2021-12-05T12:01:11.096Z"}
{"level":"error","message":"Wrong Input Validations","timestamp":"2021-12-05T12:01:11.368Z"}
{"level":"error","message":null,"timestamp":"2021-12-05T12:09:06.844Z"}
{"_original":{"email":"sandipan11@gmailcom","password":"Sandip@12345"},"details":[{"context":{"key":"email","label":"email","regex":{},"value":"sandipan11@gmailcom"},"message":"\"email\" with value \"sandipan11@gmailcom\" fails to match the required pattern: /^[a-zA-Z0-9]+([+_.-][a-zA-Z0-9]+)*[@][a-zA-Z0-9]+[.][a-zA-Z]{2,4}([.][a-zA-Z]{2,4})?$/","path":["email"],"type":"string.pattern.base"}],"level":"error","timestamp":"2021-12-05T12:09:06.911Z"}
{"level":"error","message":"Invalid User","timestamp":"2021-12-05T12:09:06.932Z"}
{"level":"error","message":"Invalid Credential","timestamp":"2021-12-05T12:09:06.933Z"}
{"level":"error","message":"Wrong Input Validations","timestamp":"2021-12-05T12:09:07.078Z"}
{"_original":{"email":"sandipan11@gmailcom","password":"Sandip@12345"},"details":[{"context":{"key":"email","label":"email","regex":{},"value":"sandipan11@gmailcom"},"message":"\"email\" with value \"sandipan11@gmailcom\" fails to match the required pattern: /^[a-zA-Z0-9]+([+_.-][a-zA-Z0-9]+)*[@][a-zA-Z0-9]+[.][a-zA-Z]{2,4}([.][a-zA-Z]{2,4})?$/","path":["email"],"type":"string.pattern.base"}],"level":"error","timestamp":"2021-12-05T12:14:45.373Z"}
{"level":"error","message":"Invalid User","timestamp":"2021-12-05T12:14:45.398Z"}
{"level":"error","message":"Invalid Credential","timestamp":"2021-12-05T12:14:45.400Z"}
{"level":"error","message":"Wrong Input Validations","timestamp":"2021-12-05T12:14:45.534Z"}
{"_original":{"email":"sandipanseal11gmailcom","password":"Sandip@12345"},"details":[{"context":{"key":"email","label":"email","regex":{},"value":"sandipanseal11gmailcom"},"message":"\"email\" with value \"sandipanseal11gmailcom\" fails to match the required pattern: /^[a-zA-Z0-9]+([+_.-][a-zA-Z0-9]+)*[@][a-zA-Z0-9]+[.][a-zA-Z]{2,4}([.][a-zA-Z]{2,4})?$/","path":["email"],"type":"string.pattern.base"}],"level":"error","timestamp":"2021-12-05T12:28:32.678Z"}
{"level":"error","message":"Invalid User","timestamp":"2021-12-05T12:28:32.703Z"}
{"level":"error","message":"Invalid Credential","timestamp":"2021-12-05T12:28:32.704Z"}
{"level":"error","message":"Wrong Input Validations","timestamp":"2021-12-05T12:28:32.908Z"}
{"_original":{"email":"sandipanseal11gmailcom","password":"Sandip@12345"},"details":[{"context":{"key":"email","label":"email","regex":{},"value":"sandipanseal11gmailcom"},"message":"\"email\" with value \"sandipanseal11gmailcom\" fails to match the required pattern: /^[a-zA-Z0-9]+([+_.-][a-zA-Z0-9]+)*[@][a-zA-Z0-9]+[.][a-zA-Z]{2,4}([.][a-zA-Z]{2,4})?$/","path":["email"],"type":"string.pattern.base"}],"level":"error","timestamp":"2021-12-05T12:35:34.827Z"}
{"level":"error","message":"Invalid User","timestamp":"2021-12-05T12:35:34.856Z"}
{"level":"error","message":"Invalid Credential","timestamp":"2021-12-05T12:35:34.857Z"}
{"level":"error","message":"Wrong Input Validations","timestamp":"2021-12-05T12:35:35.072Z"}
{"_original":{"email":"sandipanseal11gmailcom","password":"Sandip@12345"},"details":[{"context":{"key":"email","label":"email","regex":{},"value":"sandipanseal11gmailcom"},"message":"\"email\" with value \"sandipanseal11gmailcom\" fails to match the required pattern: /^[a-zA-Z0-9]+([+_.-][a-zA-Z0-9]+)*[@][a-zA-Z0-9]+[.][a-zA-Z]{2,4}([.][a-zA-Z]{2,4})?$/","path":["email"],"type":"string.pattern.base"}],"level":"error","timestamp":"2021-12-05T12:40:51.818Z"}
{"level":"error","message":"Invalid User","timestamp":"2021-12-05T12:40:51.895Z"}
{"level":"error","message":"Invalid Credential","timestamp":"2021-12-05T12:40:51.897Z"}
{"level":"error","message":"Wrong Input Validations","timestamp":"2021-12-05T12:40:52.076Z"}
{"_original":{"email":"sandipanseal11gmailcom","password":"Sandip@12345"},"details":[{"context":{"key":"email","label":"email","regex":{},"value":"sandipanseal11gmailcom"},"message":"\"email\" with value \"sandipanseal11gmailcom\" fails to match the required pattern: /^[a-zA-Z0-9]+([+_.-][a-zA-Z0-9]+)*[@][a-zA-Z0-9]+[.][a-zA-Z]{2,4}([.][a-zA-Z]{2,4})?$/","path":["email"],"type":"string.pattern.base"}],"level":"error","timestamp":"2021-12-07T14:31:44.453Z"}
{"level":"error","message":"Invalid User","timestamp":"2021-12-07T14:31:44.489Z"}
{"level":"error","message":"Invalid Credential","timestamp":"2021-12-07T14:31:44.490Z"}
{"level":"error","message":"Wrong Input Validations","timestamp":"2021-12-07T14:31:45.046Z"}
{"_original":{"email":"sandipanseal11gmailcom","password":"Sandip@12345"},"details":[{"context":{"key":"email","label":"email","regex":{},"value":"sandipanseal11gmailcom"},"message":"\"email\" with value \"sandipanseal11gmailcom\" fails to match the required pattern: /^[a-zA-Z0-9]+([+_.-][a-zA-Z0-9]+)*[@][a-zA-Z0-9]+[.][a-zA-Z]{2,4}([.][a-zA-Z]{2,4})?$/","path":["email"],"type":"string.pattern.base"}],"level":"error","timestamp":"2021-12-07T14:34:21.896Z"}
{"level":"error","message":"Invalid User","timestamp":"2021-12-07T14:34:22.004Z"}
{"level":"error","message":"Invalid Credential","timestamp":"2021-12-07T14:34:22.005Z"}
{"level":"error","message":null,"timestamp":"2021-12-07T15:17:06.764Z"}
{"_original":{"email":"sandipanseal11gmailcom","password":"Sandip@12345"},"details":[{"context":{"key":"email","label":"email","regex":{},"value":"sandipanseal11gmailcom"},"message":"\"email\" with value \"sandipanseal11gmailcom\" fails to match the required pattern: /^[a-zA-Z0-9]+([+_.-][a-zA-Z0-9]+)*[@][a-zA-Z0-9]+[.][a-zA-Z]{2,4}([.][a-zA-Z]{2,4})?$/","path":["email"],"type":"string.pattern.base"}],"level":"error","timestamp":"2021-12-07T15:17:06.813Z"}
{"level":"error","message":"Invalid User","timestamp":"2021-12-07T15:17:06.842Z"}
{"level":"error","message":"Invalid Credential","timestamp":"2021-12-07T15:17:06.842Z"}
{"level":"error","message":"Wrong Input Validations","timestamp":"2021-12-07T15:17:06.999Z"}
{"level":"error","message":null,"timestamp":"2021-12-07T15:27:59.158Z"}
{"_original":{"email":"sandipanseal11gmailcom","password":"Sandip@12345"},"details":[{"context":{"key":"email","label":"email","regex":{},"value":"sandipanseal11gmailcom"},"message":"\"email\" with value \"sandipanseal11gmailcom\" fails to match the required pattern: /^[a-zA-z]{3}([+-_ .]*[a-zA-Z0-9]+)*[@][a-zA-z0-9]+(.[a-z]{2,3})*$/","path":["email"],"type":"string.pattern.base"}],"level":"error","timestamp":"2021-12-07T15:27:59.226Z"}
{"level":"error","message":"Invalid User","timestamp":"2021-12-07T15:27:59.246Z"}
{"level":"error","message":"Invalid Credential","timestamp":"2021-12-07T15:27:59.248Z"}
{"level":"error","message":"Wrong Input Validations","timestamp":"2021-12-07T15:27:59.356Z"}
{"level":"error","message":null,"timestamp":"2021-12-07T15:29:55.521Z"}
{"level":"error","message":"Invalid User","timestamp":"2021-12-07T15:29:55.558Z"}
{"level":"error","message":"Invalid Credential","timestamp":"2021-12-07T15:29:55.560Z"}
{"level":"error","message":"Wrong Input Validations","timestamp":"2021-12-07T15:29:55.708Z"}
{"level":"error","message":null,"timestamp":"2021-12-07T15:38:53.958Z"}
{"level":"error","message":"Invalid User","timestamp":"2021-12-07T15:40:18.383Z"}
{"level":"error","message":"Invalid Credential","timestamp":"2021-12-07T15:40:18.384Z"}
{"level":"error","message":"Wrong Input Validations","timestamp":"2021-12-07T15:40:18.569Z"}
{"level":"error","message":"Invalid User","timestamp":"2021-12-07T15:46:33.724Z"}
{"level":"error","message":"Invalid Credential","timestamp":"2021-12-07T15:46:33.726Z"}
{"level":"error","message":"Wrong Input Validations","timestamp":"2021-12-07T15:46:33.865Z"}
{"level":"error","message":"Invalid User","timestamp":"2021-12-07T15:54:12.282Z"}
{"level":"error","message":"Invalid Credential","timestamp":"2021-12-07T15:54:12.283Z"}
{"level":"error","message":"Wrong Input Validations","timestamp":"2021-12-07T15:54:12.434Z"}
{"level":"error","message":"Invalid User","timestamp":"2021-12-07T15:58:31.841Z"}
{"level":"error","message":"Invalid Credential","timestamp":"2021-12-07T15:58:31.843Z"}
{"level":"error","message":"Wrong Input Validations","timestamp":"2021-12-07T15:58:31.988Z"}
{"level":"error","message":"Invalid User","timestamp":"2021-12-07T16:09:13.125Z"}
{"level":"error","message":"Invalid Credential","timestamp":"2021-12-07T16:09:13.141Z"}
{"level":"error","message":"Wrong Input Validations","timestamp":"2021-12-07T16:09:13.300Z"}
{"level":"error","message":"Invalid User","timestamp":"2021-12-07T16:22:43.773Z"}
{"level":"error","message":"Invalid Credential","timestamp":"2021-12-07T16:22:43.774Z"}
{"level":"error","message":"Wrong Input Validations","timestamp":"2021-12-07T16:22:43.942Z"}
{"level":"error","message":"Invalid User","timestamp":"2021-12-07T16:38:21.723Z"}
{"level":"error","message":"Invalid Credential","timestamp":"2021-12-07T16:38:21.725Z"}
{"level":"error","message":"Wrong Input Validations","timestamp":"2021-12-07T16:38:21.862Z"}
{"level":"error","message":"Invalid password","timestamp":"2021-12-07T16:38:22.123Z"}
{"_original":{"email":"sandipanseal11@gmail.com"},"details":[{"context":{"key":"password","label":"password"},"message":"\"password\" is required","path":["password"],"type":"any.required"}],"level":"error","timestamp":"2021-12-07T16:42:30.460Z"}
{"level":"error","timestamp":"2021-12-07T16:42:30.477Z"}
{"_original":{"email":"sandipanseal11@gmail.com"},"details":[{"context":{"key":"password","label":"password"},"message":"\"password\" is required","path":["password"],"type":"any.required"}],"level":"error","timestamp":"2021-12-07T16:45:40.919Z"}
{"level":"error","timestamp":"2021-12-07T16:45:41.011Z"}
{"level":"error","message":"Invalid User","timestamp":"2021-12-07T18:55:30.288Z"}
{"level":"error","message":"Invalid Credential","timestamp":"2021-12-07T18:55:30.289Z"}
{"level":"error","message":"Wrong Input Validations","timestamp":"2021-12-07T18:55:30.544Z"}
{"level":"error","message":"Invalid password","timestamp":"2021-12-07T18:55:30.805Z"}
{"_original":{"email":"sandipanseal11@gmail.com"},"details":[{"context":{"key":"password","label":"password"},"message":"\"password\" is required","path":["password"],"type":"any.required"}],"level":"error","timestamp":"2021-12-07T19:14:05.994Z"}
{"level":"error","timestamp":"2021-12-07T19:14:06.047Z"}
{"_original":{"email":"sandipanseal11@gmail.com"},"details":[{"context":{"key":"password","label":"password"},"message":"\"password\" is required","path":["password"],"type":"any.required"}],"level":"error","timestamp":"2021-12-07T19:18:41.785Z"}
{"level":"error","timestamp":"2021-12-07T19:18:41.833Z"}
{"level":"error","message":"Invalid User","timestamp":"2021-12-07T19:21:45.657Z"}
{"level":"error","message":"Invalid Credential","timestamp":"2021-12-07T19:21:45.658Z"}
{"level":"error","message":"Wrong Input Validations","timestamp":"2021-12-07T19:21:45.755Z"}
{"level":"error","message":"Invalid password","timestamp":"2021-12-07T19:21:46.099Z"}
{"_original":{"email":"sandipanseal11@yahoo.com"},"details":[{"context":{"key":"password","label":"password"},"message":"\"password\" is required","path":["password"],"type":"any.required"}],"level":"error","timestamp":"2021-12-07T19:24:45.791Z"}
{"level":"error","timestamp":"2021-12-07T19:24:45.822Z"}
{"_original":{"email":"sandipanseal11@yahoo.com"},"details":[{"context":{"key":"password","label":"password"},"message":"\"password\" is required","path":["password"],"type":"any.required"}],"level":"error","timestamp":"2021-12-08T10:20:35.289Z"}
{"level":"error","timestamp":"2021-12-08T10:20:35.374Z"}
{"level":"error","message":null,"timestamp":"2021-12-08T10:59:11.827Z"}
{"level":"error","message":"Invalid User","timestamp":"2021-12-08T13:33:57.842Z"}
{"level":"error","message":"Invalid Credential","timestamp":"2021-12-08T13:33:57.845Z"}
{"level":"error","message":"Wrong Input Validations","timestamp":"2021-12-08T13:33:58.149Z"}
{"level":"error","message":"Invalid password","timestamp":"2021-12-08T13:34:01.726Z"}
{"level":"error","message":"Invalid User","timestamp":"2021-12-09T06:07:47.435Z"}
{"level":"error","message":"Invalid Credential","timestamp":"2021-12-09T06:07:47.436Z"}
{"level":"error","message":"Wrong Input Validations","timestamp":"2021-12-09T06:07:47.626Z"}
{"level":"error","message":"Invalid password","timestamp":"2021-12-09T06:07:47.957Z"}
{"level":"error","message":"Invalid User","timestamp":"2021-12-09T06:08:22.982Z"}
{"level":"error","message":"Invalid Credential","timestamp":"2021-12-09T06:08:22.983Z"}
{"level":"error","message":"Wrong Input Validations","timestamp":"2021-12-09T06:08:23.099Z"}
{"level":"error","message":"Invalid password","timestamp":"2021-12-09T06:08:23.430Z"}
{"level":"error","message":"Invalid User","timestamp":"2021-12-09T18:31:52.330Z"}
{"level":"error","message":"Invalid Credential","timestamp":"2021-12-09T18:31:52.330Z"}
{"level":"error","message":"Wrong Input Validations","timestamp":"2021-12-09T18:31:52.468Z"}
{"level":"error","message":"Invalid password","timestamp":"2021-12-09T18:31:52.697Z"}
{"level":"error","message":"Invalid User","timestamp":"2021-12-14T02:32:02.761Z"}
{"level":"error","message":"Invalid Credential","timestamp":"2021-12-14T02:32:02.762Z"}
{"level":"error","message":"Wrong Input Validations","timestamp":"2021-12-14T02:32:02.955Z"}
{"level":"error","message":"Invalid password","timestamp":"2021-12-14T02:32:03.931Z"}
{"level":"error","message":null,"timestamp":"2021-12-15T18:20:30.609Z"}
{"level":"error","message":null,"timestamp":"2021-12-15T18:21:11.295Z"}
{"level":"error","message":null,"timestamp":"2021-12-15T18:21:14.986Z"}
{"level":"error","message":"Invalid User","timestamp":"2021-12-15T19:11:22.359Z"}
{"level":"error","message":"Invalid Credential","timestamp":"2021-12-15T19:11:22.360Z"}
{"level":"error","message":"Wrong Input Validations","timestamp":"2021-12-15T19:11:22.655Z"}
{"level":"error","message":"Invalid password","timestamp":"2021-12-15T19:11:24.986Z"}
{"level":"error","message":"Invalid User","timestamp":"2021-12-15T19:18:29.929Z"}
{"level":"error","message":"Invalid Credential","timestamp":"2021-12-15T19:18:29.931Z"}
{"level":"error","message":"Wrong Input Validations","timestamp":"2021-12-15T19:18:30.070Z"}
{"level":"error","message":"Invalid password","timestamp":"2021-12-15T19:18:30.314Z"}
{"level":"error","message":"Invalid User","timestamp":"2021-12-15T19:22:49.702Z"}
{"level":"error","message":"Invalid Credential","timestamp":"2021-12-15T19:22:49.703Z"}
{"level":"error","message":"Wrong Input Validations","timestamp":"2021-12-15T19:22:49.782Z"}
{"level":"error","message":"Invalid password","timestamp":"2021-12-15T19:22:50.047Z"}
{"level":"error","message":"Invalid User","timestamp":"2021-12-15T19:31:36.260Z"}
{"level":"error","message":"Invalid Credential","timestamp":"2021-12-15T19:31:36.261Z"}
{"level":"error","message":"Wrong Input Validations","timestamp":"2021-12-15T19:31:36.368Z"}
{"level":"error","message":"Invalid password","timestamp":"2021-12-15T19:31:36.631Z"}
{"level":"error","message":"Invalid label body","timestamp":"2021-12-19T17:28:57.712Z"}
{"level":"error","message":"Invalid label body","timestamp":"2021-12-19T17:30:14.887Z"}
{"level":"error","message":null,"timestamp":"2021-12-19T17:48:49.795Z"}
{"level":"error","message":null,"timestamp":"2021-12-19T17:50:24.310Z"}
{"level":"error","message":null,"timestamp":"2021-12-19T17:53:45.234Z"}
{"level":"error","message":null,"timestamp":"2021-12-19T17:55:53.899Z"}
{"level":"error","message":null,"timestamp":"2021-12-19T17:57:34.716Z"}
{"level":"error","message":null,"timestamp":"2021-12-19T18:02:30.023Z"}
{"_original":{"email":"sandipansea1@gmailcom","password":"Sandip@12345"},"details":[{"context":{"key":"email","label":"email","regex":{},"value":"sandipansea1@gmailcom"},"message":"\"email\" with value \"sandipansea1@gmailcom\" fails to match the required pattern: /^[a-zA-Z0-9]+([+_.-][a-zA-Z0-9]+)*[@][a-zA-Z0-9]+[.][a-zA-Z]{2,4}([.][a-zA-Z]{2,4})?$/","path":["email"],"type":"string.pattern.base"}],"level":"error","timestamp":"2021-12-19T18:05:23.654Z"}
{"level":"error","message":"Invalid User","timestamp":"2021-12-19T18:05:23.673Z"}
{"level":"error","message":"Invalid Credential","timestamp":"2021-12-19T18:05:23.674Z"}
{"level":"error","message":"Wrong Input Validations","timestamp":"2021-12-19T18:05:23.846Z"}
{"level":"error","message":"Invalid password","timestamp":"2021-12-19T18:05:23.859Z"}
{"level":"error","message":"Invalid password","timestamp":"2021-12-19T18:05:23.908Z"}
{"level":"error","message":"Label to be updated not foudn due to error","timestamp":"2021-12-20T19:14:12.392Z"}
{"level":"error","message":"Label to be updated not foudn due to error","timestamp":"2021-12-20T19:18:36.274Z"}
{"level":"error","message":"Label to be updated not foudn due to error","timestamp":"2021-12-20T19:19:54.791Z"}
{"level":"error","message":"Label to be updated not foudn due to error","timestamp":"2021-12-20T19:24:43.270Z"}
{"level":"error","message":"Label to be updated not foudn due to error","timestamp":"2021-12-20T19:25:17.771Z"}
{"level":"error","message":"Invalid label body","timestamp":"2021-12-23T17:16:09.339Z"}
{"level":"error","message":"Label to be updated not foudn due to error","timestamp":"2021-12-23T17:16:09.454Z"}
{"_original":{"email":"sandipansea1@gmailcom","password":"Sandip@12345"},"details":[{"context":{"key":"email","label":"email","regex":{},"value":"sandipansea1@gmailcom"},"message":"\"email\" with value \"sandipansea1@gmailcom\" fails to match the required pattern: /^[a-zA-Z0-9]+([+_.-][a-zA-Z0-9]+)*[@][a-zA-Z0-9]+[.][a-zA-Z]{2,4}([.][a-zA-Z]{2,4})?$/","path":["email"],"type":"string.pattern.base"}],"level":"error","timestamp":"2021-12-23T17:16:11.136Z"}
{"level":"error","message":"Invalid User","timestamp":"2021-12-23T17:16:11.155Z"}
{"level":"error","message":"Invalid Credential","timestamp":"2021-12-23T17:16:11.156Z"}
{"level":"error","message":"Wrong Input Validations","timestamp":"2021-12-23T17:16:13.263Z"}
{"level":"error","message":"Invalid password","timestamp":"2021-12-23T17:16:13.306Z"}
{"level":"error","message":"Invalid password","timestamp":"2021-12-23T17:16:13.345Z"}
{"level":"error","message":"Invalid label body","timestamp":"2021-12-23T17:20:39.431Z"}
{"level":"error","message":"Label to be updated not foudn due to error","timestamp":"2021-12-23T17:20:39.562Z"}
{"_original":{"email":"sandipansea1@gmailcom","password":"Sandip@12345"},"details":[{"context":{"key":"email","label":"email","regex":{},"value":"sandipansea1@gmailcom"},"message":"\"email\" with value \"sandipansea1@gmailcom\" fails to match the required pattern: /^[a-zA-Z0-9]+([+_.-][a-zA-Z0-9]+)*[@][a-zA-Z0-9]+[.][a-zA-Z]{2,4}([.][a-zA-Z]{2,4})?$/","path":["email"],"type":"string.pattern.base"}],"level":"error","timestamp":"2021-12-23T17:20:40.676Z"}
{"level":"error","message":"Invalid User","timestamp":"2021-12-23T17:20:40.689Z"}
{"level":"error","message":"Invalid Credential","timestamp":"2021-12-23T17:20:40.689Z"}
{"level":"error","message":"Wrong Input Validations","timestamp":"2021-12-23T17:20:40.822Z"}
{"level":"error","message":"Invalid password","timestamp":"2021-12-23T17:20:40.836Z"}
{"level":"error","message":"Invalid password","timestamp":"2021-12-23T17:20:40.870Z"}
{"level":"error","message":"Invalid label body","timestamp":"2021-12-23T17:23:40.555Z"}
{"level":"error","message":"Label to be updated not foudn due to error","timestamp":"2021-12-23T17:23:40.728Z"}
{"_original":{"email":"sandipansea1@gmailcom","password":"Sandip@12345"},"details":[{"context":{"key":"email","label":"email","regex":{},"value":"sandipansea1@gmailcom"},"message":"\"email\" with value \"sandipansea1@gmailcom\" fails to match the required pattern: /^[a-zA-Z0-9]+([+_.-][a-zA-Z0-9]+)*[@][a-zA-Z0-9]+[.][a-zA-Z]{2,4}([.][a-zA-Z]{2,4})?$/","path":["email"],"type":"string.pattern.base"}],"level":"error","timestamp":"2021-12-23T17:23:42.055Z"}
{"level":"error","message":"Invalid User","timestamp":"2021-12-23T17:23:42.064Z"}
{"level":"error","message":"Invalid Credential","timestamp":"2021-12-23T17:23:42.065Z"}
{"level":"error","message":"Wrong Input Validations","timestamp":"2021-12-23T17:23:42.172Z"}
{"level":"error","message":"Invalid password","timestamp":"2021-12-23T17:23:42.193Z"}
{"level":"error","message":"Invalid password","timestamp":"2021-12-23T17:23:42.224Z"}
{"level":"error","message":"Invalid label body","timestamp":"2021-12-23T17:26:00.556Z"}
{"level":"error","message":"Label to be updated not foudn due to error","timestamp":"2021-12-23T17:26:00.666Z"}
{"_original":{"email":"sandipansea1@gmailcom","password":"Sandip@12345"},"details":[{"context":{"key":"email","label":"email","regex":{},"value":"sandipansea1@gmailcom"},"message":"\"email\" with value \"sandipansea1@gmailcom\" fails to match the required pattern: /^[a-zA-Z0-9]+([+_.-][a-zA-Z0-9]+)*[@][a-zA-Z0-9]+[.][a-zA-Z]{2,4}([.][a-zA-Z]{2,4})?$/","path":["email"],"type":"string.pattern.base"}],"level":"error","timestamp":"2021-12-23T17:26:01.766Z"}
{"level":"error","message":"Invalid User","timestamp":"2021-12-23T17:26:01.777Z"}
{"level":"error","message":"Invalid Credential","timestamp":"2021-12-23T17:26:01.778Z"}
{"level":"error","message":"Wrong Input Validations","timestamp":"2021-12-23T17:26:01.897Z"}
{"level":"error","message":"Invalid password","timestamp":"2021-12-23T17:26:01.919Z"}
{"level":"error","message":"Invalid password","timestamp":"2021-12-23T17:26:01.945Z"}
{"level":"error","message":"Invalid label body","timestamp":"2021-12-23T17:29:55.651Z"}
{"level":"error","message":"Label to be updated not foudn due to error","timestamp":"2021-12-23T17:29:55.767Z"}
{"_original":{"email":"sandipansea1gmailcom","password":"Sandip@12345"},"details":[{"context":{"key":"email","label":"email","regex":{},"value":"sandipansea1gmailcom"},"message":"\"email\" with value \"sandipansea1gmailcom\" fails to match the required pattern: /^[a-zA-Z0-9]+([+_.-][a-zA-Z0-9]+)*[@][a-zA-Z0-9]+[.][a-zA-Z]{2,4}([.][a-zA-Z]{2,4})?$/","path":["email"],"type":"string.pattern.base"}],"level":"error","timestamp":"2021-12-23T17:29:56.903Z"}
{"level":"error","message":"Invalid User","timestamp":"2021-12-23T17:29:56.918Z"}
{"level":"error","message":"Invalid Credential","timestamp":"2021-12-23T17:29:56.921Z"}
{"level":"error","message":"Wrong Input Validations","timestamp":"2021-12-23T17:29:57.012Z"}
{"level":"error","message":"Invalid password","timestamp":"2021-12-23T17:29:57.031Z"}
{"level":"error","message":"Invalid password","timestamp":"2021-12-23T17:29:57.094Z"}
{"level":"error","message":"Invalid label body","timestamp":"2021-12-23T17:31:53.891Z"}
{"level":"error","message":"Label to be updated not foudn due to error","timestamp":"2021-12-23T17:31:54.000Z"}
{"_original":{"email":"sandipansea1@gmailcom"},"details":[{"context":{"key":"email","label":"email","regex":{},"value":"sandipansea1@gmailcom"},"message":"\"email\" with value \"sandipansea1@gmailcom\" fails to match the required pattern: /^[a-zA-Z0-9]+([+_.-][a-zA-Z0-9]+)*[@][a-zA-Z0-9]+[.][a-zA-Z]{2,4}([.][a-zA-Z]{2,4})?$/","path":["email"],"type":"string.pattern.base"}],"level":"error","timestamp":"2021-12-23T17:31:54.966Z"}
{"level":"error","message":"Invalid User","timestamp":"2021-12-23T17:31:54.978Z"}
{"level":"error","message":"Invalid Credential","timestamp":"2021-12-23T17:31:54.979Z"}
{"level":"error","message":"Wrong Input Validations","timestamp":"2021-12-23T17:31:55.064Z"}
{"level":"error","message":"Invalid password","timestamp":"2021-12-23T17:31:55.077Z"}
{"level":"error","message":"Invalid password","timestamp":"2021-12-23T17:31:55.124Z"}
{"level":"error","message":"Invalid label body","timestamp":"2021-12-23T17:51:32.938Z"}
{"level":"error","message":"Label to be updated not foudn due to error","timestamp":"2021-12-23T17:51:33.037Z"}
{"_original":{"email":"sandipansea1@gmailcom","password":"Sandip@12345"},"details":[{"context":{"key":"email","label":"email","regex":{},"value":"sandipansea1@gmailcom"},"message":"\"email\" with value \"sandipansea1@gmailcom\" fails to match the required pattern: /^[a-zA-Z0-9]+([+_.-][a-zA-Z0-9]+)*[@][a-zA-Z0-9]+[.][a-zA-Z]{2,4}([.][a-zA-Z]{2,4})?$/","path":["email"],"type":"string.pattern.base"}],"level":"error","timestamp":"2021-12-23T17:51:33.907Z"}
{"level":"error","message":"Invalid User","timestamp":"2021-12-23T17:51:33.917Z"}
{"level":"error","message":"Invalid Credential","timestamp":"2021-12-23T17:51:33.918Z"}
{"level":"error","message":"Wrong Input Validations","timestamp":"2021-12-23T17:51:34.000Z"}
{"level":"error","message":"Invalid password","timestamp":"2021-12-23T17:51:34.014Z"}
{"level":"error","message":"Invalid password","timestamp":"2021-12-23T17:51:34.054Z"}
{"level":"error","message":"Label to be updated not foudn due to error","timestamp":"2021-12-23T17:57:37.812Z"}
{"level":"error","message":"Label to be updated not foudn due to error","timestamp":"2021-12-23T17:59:03.717Z"}
{"level":"error","message":"Invalid label body","timestamp":"2021-12-23T18:14:29.979Z"}
{"level":"error","message":"Label to be updated not foudn due to error","timestamp":"2021-12-23T18:14:30.086Z"}
{"level":"error","message":"Invalid User","timestamp":"2021-12-23T18:14:31.000Z"}
{"level":"error","message":"Invalid Credential","timestamp":"2021-12-23T18:14:31.001Z"}
{"level":"error","message":"Wrong Input Validations","timestamp":"2021-12-23T18:14:31.063Z"}
{"level":"error","message":"Invalid password","timestamp":"2021-12-23T18:14:31.078Z"}
{"level":"error","message":"Invalid password","timestamp":"2021-12-23T18:14:31.113Z"}
{"level":"error","message":"Invalid label body","timestamp":"2021-12-23T18:15:44.500Z"}
{"level":"error","message":"Label to be updated not foudn due to error","timestamp":"2021-12-23T18:15:44.603Z"}
{"level":"error","message":"Invalid User","timestamp":"2021-12-23T18:15:45.474Z"}
{"level":"error","message":"Invalid Credential","timestamp":"2021-12-23T18:15:45.474Z"}
{"level":"error","message":"Wrong Input Validations","timestamp":"2021-12-23T18:15:45.560Z"}
{"level":"error","message":"Invalid password","timestamp":"2021-12-23T18:15:45.571Z"}
{"level":"error","message":"Invalid password","timestamp":"2021-12-23T18:15:45.614Z"}
{"level":"error","message":"Invalid label body","timestamp":"2021-12-23T18:20:14.115Z"}
{"level":"error","message":"Label to be updated not foudn due to error","timestamp":"2021-12-23T18:20:14.220Z"}
{"level":"error","message":"Invalid User","timestamp":"2021-12-23T18:20:15.129Z"}
{"level":"error","message":"Invalid Credential","timestamp":"2021-12-23T18:20:15.130Z"}
{"level":"error","message":"Wrong Input Validations","timestamp":"2021-12-23T18:20:15.190Z"}
{"level":"error","message":"Invalid password","timestamp":"2021-12-23T18:20:15.205Z"}
{"level":"error","message":"Invalid password","timestamp":"2021-12-23T18:20:15.273Z"}
{"level":"error","message":"Label to be updated not foudn due to error","timestamp":"2021-12-23T18:31:30.936Z"}
{"level":"error","message":"Invalid label body","timestamp":"2021-12-23T18:35:59.106Z"}
{"level":"error","message":"Label to be updated not foudn due to error","timestamp":"2021-12-23T18:35:59.210Z"}
{"level":"error","message":"Invalid User","timestamp":"2021-12-23T18:36:00.297Z"}
{"level":"error","message":"Invalid Credential","timestamp":"2021-12-23T18:36:00.297Z"}
{"level":"error","message":"Wrong Input Validations","timestamp":"2021-12-23T18:36:00.394Z"}
{"level":"error","message":"Invalid password","timestamp":"2021-12-23T18:36:00.406Z"}
{"level":"error","message":"Invalid password","timestamp":"2021-12-23T18:36:00.455Z"}
{"level":"error","message":"Invalid label body","timestamp":"2021-12-23T18:58:02.111Z"}
{"level":"error","message":"Invalid User","timestamp":"2021-12-23T18:58:03.320Z"}
{"level":"error","message":"Invalid Credential","timestamp":"2021-12-23T18:58:03.321Z"}
{"level":"error","message":"Wrong Input Validations","timestamp":"2021-12-23T18:58:03.420Z"}
{"level":"error","message":"Invalid password","timestamp":"2021-12-23T18:58:03.439Z"}
{"level":"error","message":"Invalid password","timestamp":"2021-12-23T18:58:03.462Z"}
{"level":"error","message":"Invalid label body","timestamp":"2021-12-23T19:27:37.216Z"}
{"level":"error","message":"Invalid User","timestamp":"2021-12-23T19:27:38.336Z"}
{"level":"error","message":"Invalid Credential","timestamp":"2021-12-23T19:27:38.337Z"}
{"level":"error","message":"Wrong Input Validations","timestamp":"2021-12-23T19:27:38.428Z"}
{"level":"error","message":"Invalid password","timestamp":"2021-12-23T19:27:38.443Z"}
{"level":"error","message":"Invalid password","timestamp":"2021-12-23T19:27:38.470Z"}
{"level":"error","message":"Invalid User","timestamp":"2021-12-25T11:14:52.593Z"}
{"level":"error","message":"Invalid Credential","timestamp":"2021-12-25T11:14:52.594Z"}
{"level":"error","message":"Wrong Input Validations","timestamp":"2021-12-25T11:14:52.860Z"}
{"level":"error","message":"Invalid password","timestamp":"2021-12-25T11:14:52.872Z"}
{"level":"error","message":"Invalid password","timestamp":"2021-12-25T11:14:52.944Z"}
{"level":"error","message":"Invalid User","timestamp":"2021-12-25T11:16:31.000Z"}
{"level":"error","message":"Invalid Credential","timestamp":"2021-12-25T11:16:31.002Z"}
{"level":"error","message":"Wrong Input Validations","timestamp":"2021-12-25T11:16:31.098Z"}
{"level":"error","message":"Invalid password","timestamp":"2021-12-25T11:16:31.114Z"}
{"level":"error","message":"Invalid password","timestamp":"2021-12-25T11:16:31.178Z"}
{"level":"error","message":"Invalid User","timestamp":"2021-12-26T10:00:26.712Z"}
{"level":"error","message":"Invalid Credential","timestamp":"2021-12-26T10:00:26.715Z"}
{"level":"error","message":"Wrong Input Validations","timestamp":"2021-12-26T10:00:26.977Z"}
{"level":"error","message":"Invalid password","timestamp":"2021-12-26T10:00:26.988Z"}
{"level":"error","message":"Invalid password","timestamp":"2021-12-26T10:00:27.010Z"}
{"level":"error","message":"Invalid label body","timestamp":"2021-12-26T14:55:24.776Z"}
{"level":"error","message":"Invalid label body","timestamp":"2021-12-26T14:58:26.376Z"}
{"level":"error","message":"Invalid User","timestamp":"2021-12-26T14:58:27.879Z"}
{"level":"error","message":"Invalid Credential","timestamp":"2021-12-26T14:58:27.880Z"}
{"level":"error","message":"Wrong Input Validations","timestamp":"2021-12-26T14:58:28.095Z"}
{"level":"error","message":"Invalid password","timestamp":"2021-12-26T14:58:28.115Z"}
{"level":"error","message":"Invalid password","timestamp":"2021-12-26T14:58:28.133Z"}
{"level":"error","message":"Invalid label body","timestamp":"2021-12-26T15:06:32.977Z"}
{"level":"error","message":"Invalid User","timestamp":"2021-12-26T15:06:35.177Z"}
{"level":"error","message":"Invalid Credential","timestamp":"2021-12-26T15:06:35.178Z"}
{"level":"error","message":"Wrong Input Validations","timestamp":"2021-12-26T15:06:35.317Z"}
{"level":"error","message":"Invalid password","timestamp":"2021-12-26T15:06:35.348Z"}
{"level":"error","message":"Invalid password","timestamp":"2021-12-26T15:06:35.383Z"}
{"level":"error","message":"Invalid label body","timestamp":"2021-12-26T15:21:46.707Z"}
{"level":"error","message":"Invalid User","timestamp":"2021-12-26T15:21:48.051Z"}
{"level":"error","message":"Invalid Credential","timestamp":"2021-12-26T15:21:48.052Z"}
{"level":"error","message":"Wrong Input Validations","timestamp":"2021-12-26T15:21:48.223Z"}
{"level":"error","message":"Invalid password","timestamp":"2021-12-26T15:21:48.236Z"}
{"level":"error","message":"Invalid password","timestamp":"2021-12-26T15:21:48.275Z"}
{"level":"error","message":"Invalid label body","timestamp":"2021-12-26T15:27:12.246Z"}
{"level":"error","message":"Invalid User","timestamp":"2021-12-26T15:27:13.331Z"}
{"level":"error","message":"Invalid Credential","timestamp":"2021-12-26T15:27:13.332Z"}
{"level":"error","message":"Wrong Input Validations","timestamp":"2021-12-26T15:27:13.439Z"}
{"level":"error","message":"Invalid password","timestamp":"2021-12-26T15:27:13.453Z"}
{"level":"error","message":"Invalid password","timestamp":"2021-12-26T15:27:13.476Z"}
{"level":"error","message":"Invalid label body","timestamp":"2021-12-26T17:33:52.748Z"}
{"level":"error","message":"Invalid User","timestamp":"2021-12-26T17:33:53.943Z"}
{"level":"error","message":"Invalid Credential","timestamp":"2021-12-26T17:33:53.943Z"}
{"level":"error","message":"Wrong Input Validations","timestamp":"2021-12-26T17:33:54.052Z"}
{"level":"error","message":"Invalid password","timestamp":"2021-12-26T17:33:54.068Z"}
{"level":"error","message":"Invalid password","timestamp":"2021-12-26T17:33:54.090Z"}
{"level":"error","message":"Invalid label body","timestamp":"2021-12-26T17:35:55.108Z"}
{"level":"error","message":"Invalid User","timestamp":"2021-12-26T17:35:56.315Z"}
{"level":"error","message":"Invalid Credential","timestamp":"2021-12-26T17:35:56.316Z"}
{"level":"error","message":"Wrong Input Validations","timestamp":"2021-12-26T17:35:56.423Z"}
{"level":"error","message":"Invalid password","timestamp":"2021-12-26T17:35:56.441Z"}
{"level":"error","message":"Invalid password","timestamp":"2021-12-26T17:35:56.458Z"}
{"level":"error","message":"Invalid label body","timestamp":"2021-12-26T19:38:58.048Z"}
{"level":"error","message":"Label to be updated not foudn due to error","timestamp":"2021-12-26T19:38:58.154Z"}
{"level":"error","message":"Invalid User","timestamp":"2021-12-26T19:38:59.452Z"}
{"level":"error","message":"Invalid Credential","timestamp":"2021-12-26T19:38:59.453Z"}
{"level":"error","message":"Wrong Input Validations","timestamp":"2021-12-26T19:38:59.594Z"}
{"level":"error","message":"Invalid password","timestamp":"2021-12-26T19:38:59.612Z"}
{"level":"error","message":"Invalid password","timestamp":"2021-12-26T19:38:59.646Z"}
{"level":"error","message":"Invalid label body","timestamp":"2021-12-26T20:20:44.040Z"}
{"level":"error","message":"Label to be updated not foudn due to error","timestamp":"2021-12-26T20:20:44.146Z"}
{"level":"error","message":"Invalid User","timestamp":"2021-12-26T20:20:45.435Z"}
{"level":"error","message":"Invalid Credential","timestamp":"2021-12-26T20:20:45.435Z"}
{"level":"error","message":"Wrong Input Validations","timestamp":"2021-12-26T20:20:45.700Z"}
{"level":"error","message":"Invalid password","timestamp":"2021-12-26T20:20:45.713Z"}
{"level":"error","message":"Invalid password","timestamp":"2021-12-26T20:20:45.732Z"}
{"level":"error","message":"Invalid label body","timestamp":"2021-12-26T20:22:25.147Z"}
{"level":"error","message":"Label to be updated not foudn due to error","timestamp":"2021-12-26T20:22:25.258Z"}
{"level":"error","message":"Invalid User","timestamp":"2021-12-26T20:22:26.275Z"}
{"level":"error","message":"Invalid Credential","timestamp":"2021-12-26T20:22:26.275Z"}
{"level":"error","message":"Wrong Input Validations","timestamp":"2021-12-26T20:22:26.334Z"}
{"level":"error","message":"Invalid password","timestamp":"2021-12-26T20:22:26.352Z"}
{"level":"error","message":"Invalid password","timestamp":"2021-12-26T20:22:26.378Z"}
{"level":"error","message":"Invalid label body","timestamp":"2021-12-26T20:27:24.429Z"}
{"level":"error","message":"Label to be updated not foudn due to error","timestamp":"2021-12-26T20:27:24.543Z"}
{"level":"error","message":"Invalid User","timestamp":"2021-12-26T20:27:25.476Z"}
{"level":"error","message":"Invalid Credential","timestamp":"2021-12-26T20:27:25.476Z"}
{"level":"error","message":"Wrong Input Validations","timestamp":"2021-12-26T20:27:25.536Z"}
{"level":"error","message":"Invalid password","timestamp":"2021-12-26T20:27:25.548Z"}
{"level":"error","message":"Invalid password","timestamp":"2021-12-26T20:27:25.570Z"}
{"level":"error","message":"Invalid label body","timestamp":"2021-12-26T22:11:45.866Z"}
{"level":"error","message":"Label to be updated not foudn due to error","timestamp":"2021-12-26T22:11:46.078Z"}
{"level":"error","message":"Invalid User","timestamp":"2021-12-26T22:11:47.388Z"}
{"level":"error","message":"Invalid Credential","timestamp":"2021-12-26T22:11:47.388Z"}
{"level":"error","message":"Wrong Input Validations","timestamp":"2021-12-26T22:11:47.690Z"}
{"level":"error","message":"Invalid password","timestamp":"2021-12-26T22:11:47.710Z"}
{"level":"error","message":"Invalid password","timestamp":"2021-12-26T22:11:47.737Z"}
{"level":"error","message":"Invalid label body","timestamp":"2021-12-26T22:12:43.561Z"}
{"level":"error","message":"Label to be updated not foudn due to error","timestamp":"2021-12-26T22:12:43.668Z"}
{"level":"error","message":"Invalid User","timestamp":"2021-12-26T22:12:44.739Z"}
{"level":"error","message":"Invalid Credential","timestamp":"2021-12-26T22:12:44.740Z"}
{"level":"error","message":"Wrong Input Validations","timestamp":"2021-12-26T22:12:44.812Z"}
{"level":"error","message":"Invalid password","timestamp":"2021-12-26T22:12:44.827Z"}
{"level":"error","message":"Invalid password","timestamp":"2021-12-26T22:12:44.894Z"}
{"level":"error","message":"Invalid label body","timestamp":"2021-12-26T22:30:58.160Z"}
{"level":"error","message":"Label to be updated not foudn due to error","timestamp":"2021-12-26T22:30:58.264Z"}
{"level":"error","message":"Invalid User","timestamp":"2021-12-26T22:30:59.307Z"}
{"level":"error","message":"Invalid Credential","timestamp":"2021-12-26T22:30:59.307Z"}
{"level":"error","message":"Wrong Input Validations","timestamp":"2021-12-26T22:30:59.371Z"}
{"level":"error","message":"Invalid password","timestamp":"2021-12-26T22:30:59.383Z"}
{"level":"error","message":"Invalid password","timestamp":"2021-12-26T22:30:59.401Z"}
{"level":"error","message":"Invalid label body","timestamp":"2021-12-27T10:47:53.993Z"}
{"level":"error","message":"Label to be updated not foudn due to error","timestamp":"2021-12-27T10:47:54.151Z"}
{"level":"error","message":"Invalid User","timestamp":"2021-12-27T10:47:55.526Z"}
{"level":"error","message":"Invalid Credential","timestamp":"2021-12-27T10:47:55.527Z"}
{"level":"error","message":"Wrong Input Validations","timestamp":"2021-12-27T10:47:55.640Z"}
{"level":"error","message":"Invalid password","timestamp":"2021-12-27T10:47:55.657Z"}
{"level":"error","message":"Invalid password","timestamp":"2021-12-27T10:47:55.822Z"}
{"level":"error","message":"Invalid label body","timestamp":"2021-12-27T10:48:53.213Z"}
{"level":"error","message":"Label to be updated not foudn due to error","timestamp":"2021-12-27T10:48:53.330Z"}
{"level":"error","message":"Invalid User","timestamp":"2021-12-27T10:48:54.502Z"}
{"level":"error","message":"Invalid Credential","timestamp":"2021-12-27T10:48:54.502Z"}
{"level":"error","message":"Wrong Input Validations","timestamp":"2021-12-27T10:48:54.614Z"}
{"level":"error","message":"Invalid password","timestamp":"2021-12-27T10:48:54.630Z"}
{"level":"error","message":"Invalid password","timestamp":"2021-12-27T10:48:54.651Z"}
{"level":"error","message":"Otp doesnt match","timestamp":"2021-12-28T03:10:08.556Z"}
{"level":"error","message":"Otp doesnt match","timestamp":"2021-12-28T03:17:44.676Z"}
{"level":"error","message":"Invalid User","timestamp":"2021-12-28T14:00:38.078Z"}
{"level":"error","message":"Invalid Credential","timestamp":"2021-12-28T14:00:38.079Z"}
{"level":"error","message":"Wrong Input Validations","timestamp":"2021-12-28T14:00:38.460Z"}
{"level":"error","message":"Invalid password","timestamp":"2021-12-28T14:00:38.476Z"}
{"level":"error","message":"Invalid password","timestamp":"2021-12-28T14:00:38.503Z"}
{"level":"error","message":"Invalid User","timestamp":"2021-12-28T14:44:35.518Z"}
{"level":"error","message":"Invalid Credential","timestamp":"2021-12-28T14:44:35.519Z"}
{"level":"error","message":"Wrong Input Validations","timestamp":"2021-12-28T14:44:35.945Z"}
{"level":"error","message":"Invalid password","timestamp":"2021-12-28T14:44:35.962Z"}
{"level":"error","message":"Invalid password","timestamp":"2021-12-28T14:44:36.115Z"}
{"level":"error","message":"Invalid User","timestamp":"2021-12-30T19:06:35.228Z"}
{"level":"error","message":"Invalid Credential","timestamp":"2021-12-30T19:06:35.229Z"}
{"level":"error","message":"Wrong Input Validations","timestamp":"2021-12-30T19:06:35.380Z"}
{"level":"error","message":"Invalid password","timestamp":"2021-12-30T19:06:35.398Z"}
{"level":"error","message":"Invalid password","timestamp":"2021-12-30T19:06:35.456Z"}
{"level":"error","timestamp":"2021-12-30T21:04:37.507Z"}
{"level":"error","timestamp":"2021-12-30T21:04:37.584Z"}
{"_original":{"labelName":"fake","noteId":"61ba38b1d48f7fe935bbbfb6","userId":"61ba3276d48f7fe935bbbfa7"},"details":[{"context":{"key":"labelName","label":"labelName","limit":5,"value":"fake"},"message":"\"labelName\" length must be at least 5 characters long","path":["labelName"],"type":"string.min"}],"level":"error","timestamp":"2021-12-30T21:04:37.650Z"}
{"level":"error","timestamp":"2021-12-30T21:04:37.665Z"}
{"level":"error","timestamp":"2021-12-30T21:04:37.692Z"}
{"level":"error","timestamp":"2021-12-30T21:04:37.753Z"}
{"level":"error","message":"Invalid User","timestamp":"2021-12-30T21:04:39.228Z"}
{"level":"error","message":"Invalid Credential","timestamp":"2021-12-30T21:04:39.228Z"}
{"level":"error","message":"Wrong Input Validations","timestamp":"2021-12-30T21:04:39.498Z"}
{"level":"error","message":"Invalid password","timestamp":"2021-12-30T21:04:39.511Z"}
{"level":"error","message":"Invalid password","timestamp":"2021-12-30T21:04:39.532Z"}
{"level":"error","timestamp":"2021-12-30T21:13:24.319Z"}
{"level":"error","timestamp":"2021-12-30T21:13:24.395Z"}
{"_original":{"labelName":"fake","noteId":"61ba38b1d48f7fe935bbbfb6","userId":"61ba3276d48f7fe935bbbfa7"},"details":[{"context":{"key":"labelName","label":"labelName","limit":5,"value":"fake"},"message":"\"labelName\" length must be at least 5 characters long","path":["labelName"],"type":"string.min"}],"level":"error","timestamp":"2021-12-30T21:13:24.447Z"}
{"level":"error","timestamp":"2021-12-30T21:13:24.473Z"}
{"level":"error","timestamp":"2021-12-30T21:13:24.501Z"}
{"level":"error","timestamp":"2021-12-30T21:13:24.533Z"}
{"level":"error","message":"Invalid User","timestamp":"2021-12-30T21:13:26.017Z"}
{"level":"error","message":"Invalid Credential","timestamp":"2021-12-30T21:13:26.017Z"}
{"level":"error","message":"Wrong Input Validations","timestamp":"2021-12-30T21:13:26.099Z"}
{"level":"error","message":"Invalid password","timestamp":"2021-12-30T21:13:26.112Z"}
{"level":"error","message":"Invalid password","timestamp":"2021-12-30T21:13:26.128Z"}
{"level":"error","timestamp":"2021-12-30T21:59:28.370Z"}
{"level":"error","timestamp":"2021-12-30T21:59:28.439Z"}
{"_original":{"labelName":"fake","noteId":"61ba38b1d48f7fe935bbbfb6","userId":"61ba3276d48f7fe935bbbfa7"},"details":[{"context":{"key":"labelName","label":"labelName","limit":5,"value":"fake"},"message":"\"labelName\" length must be at least 5 characters long","path":["labelName"],"type":"string.min"}],"level":"error","timestamp":"2021-12-30T21:59:28.488Z"}
{"level":"error","timestamp":"2021-12-30T21:59:28.505Z"}
{"level":"error","timestamp":"2021-12-30T21:59:28.531Z"}
{"level":"error","timestamp":"2021-12-30T21:59:28.592Z"}
{"level":"error","message":"Invalid User","timestamp":"2021-12-30T21:59:30.138Z"}
{"level":"error","message":"Invalid Credential","timestamp":"2021-12-30T21:59:30.139Z"}
{"level":"error","message":"Wrong Input Validations","timestamp":"2021-12-30T21:59:30.380Z"}
{"level":"error","message":"Invalid password","timestamp":"2021-12-30T21:59:30.393Z"}
{"level":"error","message":"Invalid password","timestamp":"2021-12-30T21:59:30.413Z"}
{"level":"error","timestamp":"2021-12-30T22:30:59.322Z"}
{"level":"error","timestamp":"2021-12-30T22:30:59.393Z"}
{"level":"error","timestamp":"2021-12-30T22:30:59.436Z"}
{"level":"error","timestamp":"2021-12-30T22:30:59.474Z"}
{"level":"error","timestamp":"2021-12-30T22:30:59.511Z"}
{"level":"error","timestamp":"2021-12-30T22:30:59.538Z"}
{"level":"error","message":"Invalid User","timestamp":"2021-12-30T22:31:01.258Z"}
{"level":"error","message":"Invalid Credential","timestamp":"2021-12-30T22:31:01.259Z"}
{"level":"error","message":"Wrong Input Validations","timestamp":"2021-12-30T22:31:01.357Z"}
{"level":"error","message":"Invalid password","timestamp":"2021-12-30T22:31:01.380Z"}
{"level":"error","message":"Invalid password","timestamp":"2021-12-30T22:31:01.403Z"}
{"level":"error","timestamp":"2021-12-30T22:40:29.834Z"}
{"level":"error","timestamp":"2021-12-30T22:40:29.910Z"}
{"level":"error","timestamp":"2021-12-30T22:40:30.004Z"}
{"level":"error","timestamp":"2021-12-30T22:40:30.063Z"}
{"level":"error","timestamp":"2021-12-30T22:40:30.106Z"}
{"level":"error","timestamp":"2021-12-30T22:40:30.145Z"}
{"level":"error","message":"Invalid User","timestamp":"2021-12-30T22:40:31.672Z"}
{"level":"error","message":"Invalid Credential","timestamp":"2021-12-30T22:40:31.672Z"}
{"level":"error","message":"Wrong Input Validations","timestamp":"2021-12-30T22:40:31.757Z"}
{"level":"error","message":"Invalid password","timestamp":"2021-12-30T22:40:31.771Z"}
{"level":"error","message":"Invalid password","timestamp":"2021-12-30T22:40:31.787Z"}
{"level":"error","timestamp":"2021-12-30T22:48:30.579Z"}
{"level":"error","timestamp":"2021-12-30T22:48:30.724Z"}
{"level":"error","timestamp":"2021-12-30T22:48:30.794Z"}
{"level":"error","timestamp":"2021-12-30T22:48:30.828Z"}
{"level":"error","timestamp":"2021-12-30T22:48:30.882Z"}
{"level":"error","timestamp":"2021-12-30T22:48:30.926Z"}
{"level":"error","message":"Invalid User","timestamp":"2021-12-30T22:48:32.712Z"}
{"level":"error","message":"Invalid Credential","timestamp":"2021-12-30T22:48:32.712Z"}
{"level":"error","message":"Wrong Input Validations","timestamp":"2021-12-30T22:48:32.789Z"}
{"level":"error","message":"Invalid password","timestamp":"2021-12-30T22:48:32.805Z"}
{"level":"error","message":"Invalid password","timestamp":"2021-12-30T22:48:32.826Z"}
{"level":"error","message":"Invalid User","timestamp":"2022-01-03T02:44:32.835Z"}
{"level":"error","message":"Invalid Credential","timestamp":"2022-01-03T02:44:32.836Z"}
{"level":"error","message":"Wrong Input Validations","timestamp":"2022-01-03T02:44:33.164Z"}
{"level":"error","message":"Invalid password","timestamp":"2022-01-03T02:44:33.180Z"}
{"level":"error","message":"Invalid password","timestamp":"2022-01-03T02:44:33.201Z"}
{"level":"error","timestamp":"2022-01-03T02:46:37.843Z"}
{"level":"error","timestamp":"2022-01-03T02:46:37.936Z"}
{"level":"error","timestamp":"2022-01-03T02:46:37.998Z"}
{"level":"error","timestamp":"2022-01-03T02:46:38.041Z"}
{"level":"error","timestamp":"2022-01-03T02:46:38.077Z"}
{"level":"error","timestamp":"2022-01-03T02:46:38.110Z"}
{"level":"error","message":"Invalid User","timestamp":"2022-01-03T02:46:40.090Z"}
{"level":"error","message":"Invalid Credential","timestamp":"2022-01-03T02:46:40.090Z"}
{"level":"error","message":"Wrong Input Validations","timestamp":"2022-01-03T02:46:40.335Z"}
{"level":"error","message":"Invalid password","timestamp":"2022-01-03T02:46:40.356Z"}
{"level":"error","message":"Invalid password","timestamp":"2022-01-03T02:46:40.436Z"}
{"level":"error","timestamp":"2022-01-03T02:51:01.808Z"}
{"level":"error","message":"internal server error","timestamp":"2022-01-04T11:08:52.551Z"}
{"level":"error","message":"internal server error","timestamp":"2022-01-04T11:08:52.569Z"}
{"level":"error","message":"internal server error","timestamp":"2022-01-04T11:08:52.595Z"}
{"level":"error","message":"internal server error","timestamp":"2022-01-04T11:08:52.618Z"}
{"level":"error","message":"internal server error","timestamp":"2022-01-04T11:08:52.636Z"}
{"level":"error","message":"internal server error","timestamp":"2022-01-04T11:08:52.713Z"}
{"level":"error","timestamp":"2022-01-04T11:08:52.750Z"}
{"level":"error","timestamp":"2022-01-04T11:08:52.789Z"}
{"level":"error","timestamp":"2022-01-04T11:08:52.804Z"}
{"level":"error","timestamp":"2022-01-04T11:08:52.822Z"}
{"level":"error","timestamp":"2022-01-04T11:08:52.885Z"}
{"level":"error","timestamp":"2022-01-04T11:08:52.915Z"}
{"level":"error","timestamp":"2022-01-04T11:08:52.935Z"}
{"level":"error","timestamp":"2022-01-04T11:08:52.966Z"}
{"level":"error","timestamp":"2022-01-04T11:08:52.986Z"}
{"level":"error","timestamp":"2022-01-04T11:08:53.017Z"}
{"level":"error","message":"Invalid User","timestamp":"2022-01-04T11:08:54.031Z"}
{"level":"error","message":"Invalid Credential","timestamp":"2022-01-04T11:08:54.032Z"}
{"level":"error","message":"Wrong Input Validations","timestamp":"2022-01-04T11:08:54.308Z"}
{"level":"error","message":"Invalid password","timestamp":"2022-01-04T11:08:54.321Z"}
{"level":"error","message":"Invalid password","timestamp":"2022-01-04T11:08:54.338Z"}
{"level":"error","message":"internal server error","timestamp":"2022-01-04T11:11:13.075Z"}
{"level":"error","message":"internal server error","timestamp":"2022-01-04T11:11:13.105Z"}
{"level":"error","message":"internal server error","timestamp":"2022-01-04T11:11:13.127Z"}
{"level":"error","message":"internal server error","timestamp":"2022-01-04T11:11:13.151Z"}
{"level":"error","message":"internal server error","timestamp":"2022-01-04T11:11:13.169Z"}
{"level":"error","message":"internal server error","timestamp":"2022-01-04T11:11:13.211Z"}
{"level":"error","timestamp":"2022-01-04T11:11:13.240Z"}
{"level":"error","timestamp":"2022-01-04T11:11:13.277Z"}
{"level":"error","timestamp":"2022-01-04T11:11:13.297Z"}
{"level":"error","timestamp":"2022-01-04T11:11:13.313Z"}
{"level":"error","timestamp":"2022-01-04T11:11:13.349Z"}
{"level":"error","timestamp":"2022-01-04T11:11:13.380Z"}
{"level":"error","timestamp":"2022-01-04T11:11:13.399Z"}
{"level":"error","timestamp":"2022-01-04T11:11:13.429Z"}
{"level":"error","timestamp":"2022-01-04T11:11:13.449Z"}
{"level":"error","timestamp":"2022-01-04T11:11:13.471Z"}
{"level":"error","message":"Invalid User","timestamp":"2022-01-04T11:11:14.253Z"}
{"level":"error","message":"Invalid Credential","timestamp":"2022-01-04T11:11:14.253Z"}
{"level":"error","message":"Wrong Input Validations","timestamp":"2022-01-04T11:11:14.329Z"}
{"level":"error","message":"Invalid password","timestamp":"2022-01-04T11:11:14.340Z"}
{"level":"error","message":"Invalid password","timestamp":"2022-01-04T11:11:14.361Z"}
{"level":"error","message":"internal server error","timestamp":"2022-01-04T11:20:44.592Z"}
{"level":"error","message":"internal server error","timestamp":"2022-01-04T11:20:44.620Z"}
{"level":"error","message":"internal server error","timestamp":"2022-01-04T11:20:44.642Z"}
{"level":"error","message":"internal server error","timestamp":"2022-01-04T11:20:44.660Z"}
{"level":"error","message":"internal server error","timestamp":"2022-01-04T11:20:44.684Z"}
{"level":"error","message":"internal server error","timestamp":"2022-01-04T11:20:44.717Z"}
{"level":"error","timestamp":"2022-01-04T11:20:44.772Z"}
{"level":"error","timestamp":"2022-01-04T11:20:44.812Z"}
{"level":"error","timestamp":"2022-01-04T11:20:44.834Z"}
{"level":"error","timestamp":"2022-01-04T11:20:44.855Z"}
{"level":"error","timestamp":"2022-01-04T11:20:44.884Z"}
{"level":"error","timestamp":"2022-01-04T11:20:44.915Z"}
{"level":"error","timestamp":"2022-01-04T11:20:44.933Z"}
{"level":"error","timestamp":"2022-01-04T11:20:44.964Z"}
{"level":"error","timestamp":"2022-01-04T11:20:44.981Z"}
{"level":"error","timestamp":"2022-01-04T11:20:44.999Z"}
{"level":"error","message":"Invalid User","timestamp":"2022-01-04T11:20:45.759Z"}
{"level":"error","message":"Invalid Credential","timestamp":"2022-01-04T11:20:45.760Z"}
{"level":"error","message":"Wrong Input Validations","timestamp":"2022-01-04T11:20:45.850Z"}
{"level":"error","message":"Invalid password","timestamp":"2022-01-04T11:20:45.865Z"}
{"level":"error","message":"Invalid password","timestamp":"2022-01-04T11:20:45.885Z"}
{"level":"error","message":"internal server error","timestamp":"2022-01-04T11:24:06.529Z"}
{"level":"error","message":"internal server error","timestamp":"2022-01-04T11:24:06.564Z"}
{"level":"error","message":"internal server error","timestamp":"2022-01-04T11:24:06.590Z"}
{"level":"error","message":"internal server error","timestamp":"2022-01-04T11:24:06.612Z"}
{"level":"error","message":"internal server error","timestamp":"2022-01-04T11:24:06.631Z"}
{"level":"error","message":"internal server error","timestamp":"2022-01-04T11:24:06.677Z"}
{"level":"error","timestamp":"2022-01-04T11:24:06.721Z"}
{"level":"error","timestamp":"2022-01-04T11:24:06.772Z"}
{"level":"error","timestamp":"2022-01-04T11:24:06.808Z"}
{"level":"error","timestamp":"2022-01-04T11:24:06.859Z"}
{"level":"error","timestamp":"2022-01-04T11:24:06.893Z"}
{"level":"error","timestamp":"2022-01-04T11:24:06.933Z"}
{"level":"error","timestamp":"2022-01-04T11:24:06.951Z"}
{"level":"error","timestamp":"2022-01-04T11:24:06.982Z"}
{"level":"error","timestamp":"2022-01-04T11:24:07.004Z"}
{"level":"error","timestamp":"2022-01-04T11:24:07.032Z"}
{"level":"error","message":"Invalid User","timestamp":"2022-01-04T11:24:07.985Z"}
{"level":"error","message":"Invalid Credential","timestamp":"2022-01-04T11:24:07.986Z"}
{"level":"error","message":"Wrong Input Validations","timestamp":"2022-01-04T11:24:08.062Z"}
{"level":"error","message":"Invalid password","timestamp":"2022-01-04T11:24:08.075Z"}
{"level":"error","message":"Invalid password","timestamp":"2022-01-04T11:24:08.102Z"}
{"level":"error","message":"internal server error","timestamp":"2022-01-04T11:32:56.663Z"}
{"level":"error","message":"internal server error","timestamp":"2022-01-04T11:32:56.685Z"}
{"level":"error","message":"internal server error","timestamp":"2022-01-04T11:32:56.707Z"}
{"level":"error","message":"internal server error","timestamp":"2022-01-04T11:32:56.733Z"}
{"level":"error","message":"internal server error","timestamp":"2022-01-04T11:32:56.759Z"}
{"level":"error","message":"internal server error","timestamp":"2022-01-04T11:32:56.791Z"}
{"level":"error","timestamp":"2022-01-04T11:32:56.826Z"}
{"level":"error","timestamp":"2022-01-04T11:32:56.864Z"}
{"level":"error","timestamp":"2022-01-04T11:32:56.886Z"}
{"level":"error","timestamp":"2022-01-04T11:32:56.905Z"}
{"level":"error","timestamp":"2022-01-04T11:32:56.937Z"}
{"level":"error","timestamp":"2022-01-04T11:32:56.967Z"}
{"level":"error","timestamp":"2022-01-04T11:32:56.983Z"}
{"level":"error","timestamp":"2022-01-04T11:32:57.030Z"}
{"level":"error","timestamp":"2022-01-04T11:32:57.046Z"}
{"level":"error","timestamp":"2022-01-04T11:32:57.067Z"}
{"level":"error","message":"Invalid User","timestamp":"2022-01-04T11:32:57.885Z"}
{"level":"error","message":"Invalid Credential","timestamp":"2022-01-04T11:32:57.886Z"}
{"level":"error","message":"Wrong Input Validations","timestamp":"2022-01-04T11:32:57.961Z"}
{"level":"error","message":"Invalid password","timestamp":"2022-01-04T11:32:57.974Z"}
{"level":"error","message":"Invalid password","timestamp":"2022-01-04T11:32:57.998Z"}
{"level":"error","message":"Invalid User","timestamp":"2022-01-04T13:21:02.891Z"}
{"level":"error","message":"Invalid Credential","timestamp":"2022-01-04T13:21:02.891Z"}
{"level":"error","message":"Wrong Input Validations","timestamp":"2022-01-04T13:21:03.605Z"}
{"level":"error","message":"Invalid password","timestamp":"2022-01-04T13:21:03.625Z"}
{"level":"error","message":"Invalid password","timestamp":"2022-01-04T13:21:03.653Z"}
{"_original":{"labelName":"Apple","noteId":"61d43c7c3ac1fd77ec76890c","userId":"61d43b913ac1fd77ec768909"},"details":[{"context":{"child":"userId","key":"userId","label":"userId","value":"61d43b913ac1fd77ec768909"},"message":"\"userId\" is not allowed","path":["userId"],"type":"object.unknown"}],"level":"error","timestamp":"2022-01-04T14:24:21.285Z"}
{"level":"error","message":"Invalid User","timestamp":"2022-01-04T14:30:59.309Z"}
{"level":"error","message":"Invalid Credential","timestamp":"2022-01-04T14:30:59.310Z"}
{"level":"error","message":"Wrong Input Validations","timestamp":"2022-01-04T14:30:59.614Z"}
{"level":"error","message":"Invalid User","timestamp":"2022-01-04T14:36:16.823Z"}
{"level":"error","message":"Invalid Credential","timestamp":"2022-01-04T14:36:16.824Z"}
{"level":"error","message":"Wrong Input Validations","timestamp":"2022-01-04T14:36:16.886Z"}
{"_original":{"labelName":"Apple","noteId":"61d43c7c3ac1fd77ec76890c","userId":"61d43b913ac1fd77ec768909"},"details":[{"context":{"child":"userId","key":"userId","label":"userId","value":"61d43b913ac1fd77ec768909"},"message":"\"userId\" is not allowed","path":["userId"],"type":"object.unknown"}],"level":"error","timestamp":"2022-01-04T14:44:22.415Z"}
{"_original":{"labelName":"Apple","noteId":"61d43c7c3ac1fd77ec76890c","userId":"61d43b913ac1fd77ec768909"},"details":[{"context":{"child":"userId","key":"userId","label":"userId","value":"61d43b913ac1fd77ec768909"},"message":"\"userId\" is not allowed","path":["userId"],"type":"object.unknown"}],"level":"error","timestamp":"2022-01-04T14:45:25.173Z"}
{"level":"error","message":"Internal Error","timestamp":"2022-01-04T14:46:52.394Z"}
{"level":"error","message":"Internal Error","timestamp":"2022-01-04T14:46:59.125Z"}
{"_original":{"labelName":"Apple","noteId":"61d43c7c3ac1fd77ec76890c","userId":"61d43b913ac1fd77ec768909"},"details":[{"context":{"child":"userId","key":"userId","label":"userId","value":"61d43b913ac1fd77ec768909"},"message":"\"userId\" is not allowed","path":["userId"],"type":"object.unknown"}],"level":"error","timestamp":"2022-01-04T14:50:03.921Z"}
{"_original":{"labelName":"Apple Store","noteId":"61d43c7c3ac1fd77ec76890c","userId":"61d43b913ac1fd77ec768909"},"details":[{"context":{"child":"userId","key":"userId","label":"userId","value":"61d43b913ac1fd77ec768909"},"message":"\"userId\" is not allowed","path":["userId"],"type":"object.unknown"}],"level":"error","timestamp":"2022-01-04T14:52:22.487Z"}
{"_original":{"labelName":"Apple Store","noteId":"61d43c7c3ac1fd77ec76890c","userId":"61d43b913ac1fd77ec768909"},"details":[{"context":{"child":"userId","key":"userId","label":"userId","value":"61d43b913ac1fd77ec768909"},"message":"\"userId\" is not allowed","path":["userId"],"type":"object.unknown"}],"level":"error","timestamp":"2022-01-04T14:54:43.294Z"}
{"_original":{"labelName":"Apple Store","noteId":"61d43c7c3ac1fd77ec76890c","userId":"61d43b913ac1fd77ec768909"},"details":[{"context":{"child":"userId","key":"userId","label":"userId","value":"61d43b913ac1fd77ec768909"},"message":"\"userId\" is not allowed","path":["userId"],"type":"object.unknown"}],"level":"error","timestamp":"2022-01-04T14:54:48.837Z"}
{"_original":{"labelName":"Apple Store","noteId":"61d43c7c3ac1fd77ec76890c","userId":"61d43b913ac1fd77ec768909"},"details":[{"context":{"child":"userId","key":"userId","label":"userId","value":"61d43b913ac1fd77ec768909"},"message":"\"userId\" is not allowed","path":["userId"],"type":"object.unknown"}],"level":"error","timestamp":"2022-01-04T14:55:38.676Z"}
{"level":"error","message":"Internal server error","timestamp":"2022-01-04T15:02:14.036Z"}
{"level":"error","message":"Internal server error","timestamp":"2022-01-04T15:08:32.249Z"}
{"_original":{"labelName":"ABCDEFGH","noteId":"61d4731b9092f14537cd9978","userId":"61d43b913ac1fd77ec768909"},"details":[{"context":{"child":"labelName","key":"labelName","label":"labelName","value":"ABCDEFGH"},"message":"\"labelName\" is not allowed","path":["labelName"],"type":"object.unknown"}],"level":"error","timestamp":"2022-01-04T16:37:29.053Z"}
{"level":"error","message":"Internal Error","timestamp":"2022-01-04T17:01:51.837Z"}
{"level":"error","message":"Internal Error","timestamp":"2022-01-04T17:03:10.765Z"}
{"level":"error","message":"Internal Error","timestamp":"2022-01-04T17:07:26.839Z"}
{"level":"error","message":"Internal Error","timestamp":"2022-01-04T17:08:37.268Z"}
{"level":"error","message":"Internal Error","timestamp":"2022-01-04T17:09:45.055Z"}
{"level":"error","message":"Internal Error","timestamp":"2022-01-04T17:11:40.196Z"}
{"level":"error","timestamp":"2022-01-05T05:45:35.725Z"}
{"level":"error","timestamp":"2022-01-06T10:40:05.945Z"}
{"level":"error","timestamp":"2022-01-06T10:42:22.762Z"}
{"level":"error","timestamp":"2022-01-06T10:44:16.891Z"}
{"_original":{"noteId":"61d9772609f4d8c1a84947e8","userId":"61d43b913ac1fd77ec768909"},"details":[{"context":{"key":"labelName","label":"labelName"},"message":"\"labelName\" is required","path":["labelName"],"type":"any.required"}],"level":"error","timestamp":"2022-01-08T11:49:28.735Z"}
{"_original":{"noteId":"61d9772609f4d8c1a84947e8","userId":"61d43b913ac1fd77ec768909"},"details":[{"context":{"key":"labelName","label":"labelName"},"message":"\"labelName\" is required","path":["labelName"],"type":"any.required"}],"level":"error","timestamp":"2022-01-08T11:49:28.819Z"}
{"level":"error","message":"noteId note found in DataBase","timestamp":"2022-01-08T11:49:28.875Z"}
{"level":"error","message":"error in add Labels","timestamp":"2022-01-08T11:49:28.876Z"}
{"level":"error","message":"noteId note found in DataBase","timestamp":"2022-01-08T11:49:28.910Z"}
{"level":"error","message":"error in add Labels","timestamp":"2022-01-08T11:49:28.911Z"}
{"level":"error","message":"noteId note found in DataBase","timestamp":"2022-01-08T11:49:28.986Z"}
{"level":"error","message":"error in add Labels","timestamp":"2022-01-08T11:49:28.987Z"}
{"level":"error","message":"noteId note found in DataBase","timestamp":"2022-01-08T11:49:29.049Z"}
{"level":"error","message":"error in add Labels","timestamp":"2022-01-08T11:49:29.050Z"}
{"level":"error","message":"noteId note found in DataBase","timestamp":"2022-01-08T11:49:29.173Z"}
{"level":"error","message":"error in add Labels","timestamp":"2022-01-08T11:49:29.177Z"}
{"kind":"ObjectId","level":"error","path":"_id","reason":{},"stringValue":"\"61d47c6bb686236b3f6a\"","timestamp":"2022-01-08T11:49:29.649Z","value":"61d47c6bb686236b3f6a","valueType":"string"}
{"kind":"ObjectId","level":"error","path":"_id","reason":{},"stringValue":"\"61d47c6bb686236b3f6a\"","timestamp":"2022-01-08T11:49:29.651Z","value":"61d47c6bb686236b3f6a","valueType":"string"}
{"level":"error","timestamp":"2022-01-08T11:49:29.788Z"}
{"level":"error","timestamp":"2022-01-08T11:49:29.827Z"}
{"level":"error","timestamp":"2022-01-08T11:49:29.867Z"}
{"level":"error","timestamp":"2022-01-08T11:49:29.896Z"}
{"level":"error","timestamp":"2022-01-08T11:49:29.924Z"}
{"level":"error","message":"Internal server error","timestamp":"2022-01-08T11:49:29.941Z"}
{"level":"error","message":"Internal Error","timestamp":"2022-01-08T11:49:30.012Z"}
{"level":"error","timestamp":"2022-01-08T11:49:30.071Z"}
{"level":"error","message":"Internal server error","timestamp":"2022-01-08T11:49:30.094Z"}
{"_original":{"email":"Dorothy.Cassin@hotmail.com","firstName":"Andres Grant","lastName":"Shields","password":"RtjKUNCPyaZxypG"},"details":[{"context":{"key":"password","label":"password","regex":{},"value":"RtjKUNCPyaZxypG"},"message":"\"password\" with value \"RtjKUNCPyaZxypG\" fails to match the required pattern: /(?=^.{8,}$)((?=.*\\d)|(?=.*\\W+))(?![.\\n])(?=.*[A-Z])(?=.*[a-z]).*$/","path":["password"],"type":"string.pattern.base"}],"level":"error","timestamp":"2022-01-08T11:49:30.157Z"}
{"_original":{"email":"ganjubhai@gmail.com","firstName":"Vinod","password":"Ganju#7654"},"details":[{"context":{"key":"lastName","label":"lastName"},"message":"\"lastName\" is required","path":["lastName"],"type":"any.required"}],"level":"error","timestamp":"2022-01-08T11:49:30.183Z"}
{"_original":{"firstName":"Sonu","lastName":"Soud","password":"sOnus$123"},"details":[{"context":{"key":"email","label":"email"},"message":"\"email\" is required","path":["email"],"type":"any.required"}],"level":"error","timestamp":"2022-01-08T11:49:30.234Z"}
{"_original":{"email":"ajay.barma1947@gmail.com","lastName":"Barma","password":"AjaY@123B"},"details":[{"context":{"key":"firstName","label":"firstName"},"message":"\"firstName\" is required","path":["firstName"],"type":"any.required"}],"level":"error","timestamp":"2022-01-08T11:49:30.284Z"}
{"level":"error","message":"Invalid User","timestamp":"2022-01-08T11:49:30.736Z"}
{"level":"error","message":"Invalid Credential","timestamp":"2022-01-08T11:49:30.736Z"}
{"level":"error","message":"Invalid Credential","timestamp":"2022-01-08T11:49:30.737Z"}
{"_original":{"email":"sandipanseal11gmail"},"details":[{"context":{"key":"email","label":"email","regex":{},"value":"sandipanseal11gmail"},"message":"\"email\" with value \"sandipanseal11gmail\" fails to match the required pattern: /^[a-zA-z]{3}([+-_ .]*[a-zA-Z0-9]+)*[@][a-zA-z0-9]+(.[a-z]{2,3})*$/","path":["email"],"type":"string.pattern.base"}],"level":"error","timestamp":"2022-01-08T11:49:30.951Z"}
{"_original":{"code":"5c8b7660pb","email":"sandipanseal11@yahoo.com"},"details":[{"context":{"key":"password","label":"password"},"message":"\"password\" is required","path":["password"],"type":"any.required"}],"level":"error","timestamp":"2022-01-08T11:49:30.963Z"}
{"_original":{"email":"sandipanseal11@yahoo.com"},"details":[{"context":{"key":"password","label":"password"},"message":"\"password\" is required","path":["password"],"type":"any.required"}],"level":"error","timestamp":"2022-01-08T11:49:30.992Z"}
