{"level":"info","message":"Server is listening","timestamp":"2021-11-25T13:15:36.467Z"}
{"level":"info","message":"Server is listening","timestamp":"2021-11-25T13:16:08.598Z"}
{"level":"info","message":"Server is listening","timestamp":"2021-11-25T13:18:10.796Z"}
{"level":"info","message":"Server is listening","timestamp":"2021-11-25T13:18:44.475Z"}
{"level":"info","message":"Server is listening","timestamp":"2021-11-25T13:19:35.278Z"}
{"level":"info","message":"Server is listening","timestamp":"2021-11-25T13:21:35.308Z"}
{"level":"info","message":"Server is listening","timestamp":"2021-11-25T13:22:15.968Z"}
{"level":"info","message":"Server is listening","timestamp":"2021-11-25T13:24:34.200Z"}
{"level":"info","message":"Server is listening","timestamp":"2021-11-25T13:24:38.819Z"}
{"level":"info","message":"Server is listening","timestamp":"2021-11-25T13:24:47.451Z"}
{"level":"info","message":"Server is listening","timestamp":"2021-11-25T13:25:09.222Z"}
{"level":"info","message":"Server is listening","timestamp":"2021-11-25T13:25:12.674Z"}
{"level":"info","message":"Server is listening","timestamp":"2021-11-25T13:25:18.820Z"}
{"level":"info","message":"Server is listening","timestamp":"2021-11-25T13:25:23.370Z"}
{"level":"info","message":"Server is listening","timestamp":"2021-11-25T13:26:31.068Z"}
{"level":"info","message":"Server is listening","timestamp":"2021-11-25T13:26:51.448Z"}
{"level":"info","message":"Server is listening","timestamp":"2021-11-25T13:28:20.820Z"}
{"level":"info","message":"Server is listening","timestamp":"2021-11-25T13:28:29.478Z"}
{"level":"info","message":"Server is listening","timestamp":"2021-11-25T13:28:59.701Z"}
{"level":"info","message":"Server is listening","timestamp":"2021-11-25T13:29:20.859Z"}
{"level":"info","message":"Server is listening","timestamp":"2021-11-25T13:29:23.334Z"}
{"level":"info","message":"Server is listening","timestamp":"2021-11-25T13:31:01.820Z"}
{"level":"info","message":"Server is listening","timestamp":"2021-11-25T13:31:58.596Z"}
{"level":"info","message":"Server is listening","timestamp":"2021-11-25T13:32:32.336Z"}
{"level":"info","message":"Server is listening","timestamp":"2021-11-25T13:32:35.029Z"}
{"level":"info","message":"Server is listening","timestamp":"2021-11-25T13:33:02.089Z"}
{"level":"info","message":"Server is listening","timestamp":"2021-11-25T13:33:05.919Z"}
{"level":"info","message":"Server is listening","timestamp":"2021-11-25T13:33:15.442Z"}
{"level":"info","message":"Server is listening","timestamp":"2021-11-25T13:33:24.740Z"}
{"level":"info","message":"Server is listening","timestamp":"2021-11-25T13:33:47.567Z"}
{"level":"info","message":"Server is listening","timestamp":"2021-11-25T13:35:18.624Z"}
{"level":"info","message":"User registered","timestamp":"2021-11-25T13:36:40.806Z"}
{"level":"info","message":"Server is listening","timestamp":"2021-11-25T13:41:56.574Z"}
{"level":"info","message":"Email id found","timestamp":"2021-11-25T13:42:00.791Z"}
{"level":"info","message":" token generated ","timestamp":"2021-11-25T13:42:01.040Z"}
{"level":"error","message":"Invalid User","timestamp":"2021-11-25T13:42:11.141Z"}
{"level":"error","message":"Invalid Credential","timestamp":"2021-11-25T13:42:11.142Z"}
{"level":"info","message":"Server is listening","timestamp":"2021-11-25T13:53:31.460Z"}
{"level":"info","message":"User registered","timestamp":"2021-11-25T14:04:03.440Z"}
{"level":"info","message":"Email id found","timestamp":"2021-11-25T14:04:51.786Z"}
{"level":"info","message":" token generated ","timestamp":"2021-11-25T14:04:52.104Z"}
{"level":"info","message":"Server is listening","timestamp":"2021-11-25T14:25:09.750Z"}
{"level":"info","message":"Email id found","timestamp":"2021-11-25T18:16:51.640Z"}
{"level":"error","message":null,"timestamp":"2021-11-25T18:16:51.812Z"}
{"level":"info","message":"Server is listening","timestamp":"2021-11-25T18:17:51.081Z"}
{"level":"info","message":"Email id found","timestamp":"2021-11-25T18:19:05.461Z"}
{"level":"error","message":null,"timestamp":"2021-11-25T18:19:05.714Z"}
{"level":"info","message":"Email id found","timestamp":"2021-11-25T18:21:19.214Z"}
{"level":"error","message":null,"timestamp":"2021-11-25T18:21:19.384Z"}
{"level":"info","message":"User registered","timestamp":"2021-11-25T18:24:46.382Z"}
{"level":"info","message":"Email id found","timestamp":"2021-11-25T18:25:29.935Z"}
{"level":"info","message":" token generated ","timestamp":"2021-11-25T18:25:30.112Z"}
{"level":"info","message":"User registered","timestamp":"2021-11-25T18:27:32.501Z"}
{"level":"info","message":"Email id found","timestamp":"2021-11-25T18:27:40.816Z"}
{"level":"info","message":" token generated ","timestamp":"2021-11-25T18:27:41.028Z"}
{"level":"info","message":"Server is listening","timestamp":"2021-11-25T18:40:29.346Z"}
{"level":"info","message":"Server is listening","timestamp":"2021-11-25T18:41:00.366Z"}
{"level":"info","message":"Server is listening","timestamp":"2021-11-25T18:41:04.932Z"}
{"level":"info","message":"Server is listening","timestamp":"2021-11-25T18:41:14.398Z"}
{"level":"info","message":"Server is listening","timestamp":"2021-11-25T18:42:34.200Z"}
{"level":"info","message":"Server is","timestamp":"2021-11-25T18:46:09.141Z"}
{"level":"info","message":"Server is ","timestamp":"2021-11-25T18:46:22.355Z"}
{"level":"info","message":"Server is Running","timestamp":"2021-11-25T18:46:26.846Z"}
{"level":"info","message":"Server is Running","timestamp":"2021-11-25T18:46:51.087Z"}
{"level":"info","message":"Server is ","timestamp":"2021-11-25T18:47:16.591Z"}
{"level":"info","message":"Server is Starting","timestamp":"2021-11-25T18:47:20.657Z"}
{"level":"info","message":"Server is Starting","timestamp":"2021-11-25T18:48:13.476Z"}
{"level":"info","message":"Server is Starting","timestamp":"2021-11-25T19:39:19.297Z"}
{"level":"info","message":"Server is Starting","timestamp":"2021-11-25T19:39:25.115Z"}
{"level":"info","message":"Server is Starting","timestamp":"2021-11-25T19:39:28.894Z"}
{"level":"info","message":"Server is Starting","timestamp":"2021-11-25T19:40:08.576Z"}
{"level":"info","message":"Server is Starting","timestamp":"2021-11-25T19:41:18.961Z"}
{"level":"info","message":"Server is Starting","timestamp":"2021-11-25T19:41:59.586Z"}
{"level":"info","message":"Server is Starting","timestamp":"2021-11-25T19:43:08.236Z"}
{"level":"info","message":"User registered","timestamp":"2021-11-25T20:19:37.456Z"}
{"level":"info","message":"Email id found","timestamp":"2021-11-25T20:19:42.161Z"}
{"level":"info","message":" token generated ","timestamp":"2021-11-25T20:19:42.327Z"}
{"level":"info","message":"User registered","timestamp":"2021-11-25T20:23:20.427Z"}
{"level":"info","message":"Email id found","timestamp":"2021-11-25T20:25:02.679Z"}
{"level":"error","message":null,"timestamp":"2021-11-25T20:25:02.855Z"}
{"level":"info","message":"Email id found","timestamp":"2021-11-25T20:25:14.682Z"}
{"level":"info","message":" token generated ","timestamp":"2021-11-25T20:25:14.848Z"}
{"level":"info","message":"Server is Starting","timestamp":"2021-11-25T20:28:51.915Z"}
{"level":"error","message":"Invalid User","timestamp":"2021-11-25T20:31:05.979Z"}
{"level":"error","message":"Invalid Credential","timestamp":"2021-11-25T20:31:05.981Z"}
{"level":"info","message":"Email id found","timestamp":"2021-11-25T20:33:51.368Z"}
{"level":"error","message":null,"timestamp":"2021-11-25T20:33:51.647Z"}
{"level":"info","message":"Server is Starting","timestamp":"2021-11-25T20:34:35.945Z"}
{"level":"info","message":"Server is Starting","timestamp":"2021-11-25T20:35:37.285Z"}
{"level":"info","message":"Email id found","timestamp":"2021-11-25T20:35:44.011Z"}
{"level":"error","message":null,"timestamp":"2021-11-25T20:35:44.249Z"}
{"level":"info","message":"Email id found","timestamp":"2021-11-25T20:35:46.271Z"}
{"level":"error","message":null,"timestamp":"2021-11-25T20:35:46.486Z"}
{"level":"info","message":"Server is Starting","timestamp":"2021-11-25T20:36:59.953Z"}
{"level":"info","message":"Email id found","timestamp":"2021-11-25T20:37:12.564Z"}
{"level":"info","message":" token generated ","timestamp":"2021-11-25T20:37:12.822Z"}
{"level":"info","message":"Server is Starting","timestamp":"2021-11-29T18:16:35.831Z"}
{"level":"info","message":"Server is Starting","timestamp":"2021-11-29T18:17:24.847Z"}
{"level":"info","message":"Server is Starting","timestamp":"2021-11-29T18:17:58.072Z"}
{"level":"info","message":"Server is Starting","timestamp":"2021-11-29T18:18:05.955Z"}
{"level":"error","message":"Internal server error","timestamp":"2021-11-29T18:18:26.800Z"}
{"level":"error","message":"Internal server error","timestamp":"2021-11-29T18:19:58.647Z"}
{"level":"info","message":"Server is Starting","timestamp":"2021-11-29T18:20:30.108Z"}
{"level":"info","message":"Server is Starting","timestamp":"2021-11-29T18:22:22.211Z"}
{"level":"info","message":"Server is Starting","timestamp":"2021-11-29T18:25:52.343Z"}
{"level":"info","message":"Server is Starting","timestamp":"2021-11-29T18:26:03.126Z"}
{"level":"info","message":"Server is Starting","timestamp":"2021-11-29T18:26:08.599Z"}
{"level":"error","message":"Internal server error","timestamp":"2021-11-29T18:26:15.079Z"}
{"level":"info","message":"Server is Starting","timestamp":"2021-11-29T18:26:50.436Z"}
{"level":"info","message":"Server is Starting","timestamp":"2021-11-29T18:26:58.063Z"}
{"level":"error","message":"Internal server error","timestamp":"2021-11-29T18:27:08.548Z"}
{"level":"info","message":"Server is Starting","timestamp":"2021-11-29T18:32:30.294Z"}
{"level":"info","message":"Server is Starting","timestamp":"2021-11-29T18:32:47.750Z"}
{"level":"error","message":"Internal server error","timestamp":"2021-11-29T18:33:10.792Z"}
{"level":"error","message":"Internal server error","timestamp":"2021-11-29T18:33:13.283Z"}
{"level":"error","message":"Internal server error","timestamp":"2021-11-29T18:39:19.715Z"}
{"level":"info","message":"Server is Starting","timestamp":"2021-11-29T18:40:36.151Z"}
{"level":"info","message":"Server is Starting","timestamp":"2021-11-29T18:41:58.615Z"}
{"level":"info","message":"Server is Starting","timestamp":"2021-11-29T18:42:03.921Z"}
{"level":"info","message":"Server is Starting","timestamp":"2021-11-29T19:17:39.331Z"}
{"level":"error","message":"Internal server error","timestamp":"2021-11-29T19:18:22.638Z"}
{"level":"info","message":"Server is Starting","timestamp":"2021-11-29T19:19:04.793Z"}
{"level":"error","message":"Internal server error","timestamp":"2021-11-29T19:19:19.343Z"}
{"level":"error","message":"Internal server error","timestamp":"2021-11-29T19:20:23.387Z"}
{"level":"error","message":"Internal server error","timestamp":"2021-11-29T19:20:43.165Z"}
{"level":"error","message":"Internal server error","timestamp":"2021-11-29T19:21:00.082Z"}
{"level":"info","message":"Server is Starting","timestamp":"2021-11-29T19:23:55.030Z"}
{"level":"info","message":"Server is Starting","timestamp":"2021-11-30T02:40:20.413Z"}
{"level":"error","message":"Internal server error","timestamp":"2021-11-30T02:40:28.203Z"}
{"level":"info","message":"Server is Starting","timestamp":"2021-11-30T02:42:31.640Z"}
{"level":"info","message":"Server is Starting","timestamp":"2021-11-30T02:42:38.262Z"}
{"level":"info","message":"Server is Starting","timestamp":"2021-11-30T02:42:50.030Z"}
{"level":"info","message":"Server is Starting","timestamp":"2021-11-30T02:42:55.267Z"}
{"level":"info","message":"Server is Starting","timestamp":"2021-11-30T02:48:51.975Z"}
{"level":"info","message":"Server is Starting","timestamp":"2021-11-30T02:50:53.122Z"}
{"level":"info","message":"Server is Starting","timestamp":"2021-11-30T02:52:28.336Z"}
{"level":"info","message":"Server is Starting","timestamp":"2021-11-30T02:52:41.930Z"}
{"level":"info","message":"Server is Starting","timestamp":"2021-11-30T02:53:53.340Z"}
{"level":"info","message":"Server is Starting","timestamp":"2021-11-30T02:54:16.245Z"}
{"level":"info","message":"Server is Starting","timestamp":"2021-11-30T02:54:27.297Z"}
{"level":"info","message":"Server is Starting","timestamp":"2021-11-30T02:54:33.123Z"}
{"level":"info","message":"Server is Starting","timestamp":"2021-11-30T02:54:39.266Z"}
{"level":"info","message":"Server is Starting","timestamp":"2021-11-30T02:54:45.908Z"}
{"level":"info","message":"Server is Starting","timestamp":"2021-11-30T02:54:52.441Z"}
{"level":"info","message":"Server is Starting","timestamp":"2021-11-30T02:56:26.879Z"}
{"level":"info","message":"Server is Starting","timestamp":"2021-11-30T02:56:31.897Z"}
{"level":"info","message":"Server is Starting","timestamp":"2021-11-30T02:56:39.933Z"}
{"level":"info","message":"Server is Starting","timestamp":"2021-11-30T02:56:48.103Z"}
{"level":"info","message":"Server is Starting","timestamp":"2021-11-30T02:57:09.869Z"}
{"level":"info","message":"Server is Starting","timestamp":"2021-11-30T02:57:17.458Z"}
{"level":"info","message":"Server is Starting","timestamp":"2021-11-30T02:57:23.773Z"}
{"level":"info","message":"Server is Starting","timestamp":"2021-11-30T02:58:23.349Z"}
{"level":"info","message":"Server is Starting","timestamp":"2021-11-30T02:58:34.955Z"}
{"level":"info","message":"Server is Starting","timestamp":"2021-11-30T02:58:40.595Z"}
{"level":"info","message":"Server is Starting","timestamp":"2021-11-30T02:58:47.128Z"}
{"level":"info","message":"Server is Starting","timestamp":"2021-11-30T02:58:55.424Z"}
{"level":"info","message":"Server is Starting","timestamp":"2021-11-30T02:59:04.136Z"}
{"level":"info","message":"Server is Starting","timestamp":"2021-11-30T02:59:14.948Z"}
{"level":"info","message":"Server is Starting","timestamp":"2021-11-30T02:59:20.119Z"}
{"level":"info","message":"Server is Starting","timestamp":"2021-11-30T02:59:25.881Z"}
{"level":"info","message":"Server is Starting","timestamp":"2021-11-30T02:59:40.723Z"}
{"level":"info","message":"Server is Starting","timestamp":"2021-11-30T02:59:44.655Z"}
{"level":"info","message":"Server is Starting","timestamp":"2021-11-30T02:59:54.275Z"}
{"level":"info","message":"Server is Starting","timestamp":"2021-11-30T03:03:09.927Z"}
{"level":"info","message":"Server is Starting","timestamp":"2021-11-30T03:03:22.976Z"}
{"level":"info","message":"Server is Starting","timestamp":"2021-11-30T03:03:27.451Z"}
{"level":"info","message":"Server is Starting","timestamp":"2021-11-30T03:03:32.866Z"}
{"level":"info","message":"Server is Starting","timestamp":"2021-11-30T03:03:36.561Z"}
{"level":"info","message":"Server is Starting","timestamp":"2021-11-30T03:04:12.224Z"}
{"level":"info","message":"Server is Starting","timestamp":"2021-11-30T03:04:17.097Z"}
{"level":"info","message":"Server is Starting","timestamp":"2021-11-30T03:04:40.153Z"}
{"level":"info","message":"Server is Starting","timestamp":"2021-11-30T03:04:50.132Z"}
{"level":"info","message":"Server is Starting","timestamp":"2021-11-30T03:05:01.560Z"}
{"level":"info","message":"Server is Starting","timestamp":"2021-11-30T03:05:14.619Z"}
{"level":"info","message":"Server is Starting","timestamp":"2021-11-30T03:05:29.989Z"}
{"level":"info","message":"Server is Starting","timestamp":"2021-11-30T03:05:41.551Z"}
{"level":"info","message":"Server is Starting","timestamp":"2021-11-30T03:06:12.267Z"}
{"level":"info","message":"Server is Starting","timestamp":"2021-11-30T03:06:19.569Z"}
{"level":"info","message":"Server is Starting","timestamp":"2021-11-30T03:06:25.700Z"}
{"level":"info","message":"Server is Starting","timestamp":"2021-11-30T03:06:33.784Z"}
{"level":"info","message":"Server is Starting","timestamp":"2021-11-30T03:06:38.609Z"}
{"level":"info","message":"User registered","timestamp":"2021-11-30T03:14:38.451Z"}
{"level":"info","message":"Email id found","timestamp":"2021-11-30T03:14:51.130Z"}
{"level":"info","message":" token generated ","timestamp":"2021-11-30T03:14:51.378Z"}
{"level":"info","message":"Server is Starting","timestamp":"2021-11-30T07:48:58.437Z"}
{"level":"info","message":"User registered","timestamp":"2021-11-30T07:50:34.255Z"}
{"level":"info","message":"Email id found","timestamp":"2021-11-30T07:50:44.724Z"}
{"level":"info","message":" token generated ","timestamp":"2021-11-30T07:50:44.906Z"}
{"level":"info","message":"User registered","timestamp":"2021-11-30T07:52:38.060Z"}
{"level":"info","message":"Email id found","timestamp":"2021-11-30T07:53:06.944Z"}
{"level":"info","message":" token generated ","timestamp":"2021-11-30T07:53:07.162Z"}
{"level":"info","message":"Server is Starting","timestamp":"2021-11-30T07:57:56.686Z"}
{"level":"info","message":"Server is Starting","timestamp":"2021-11-30T08:08:58.587Z"}
{"level":"info","message":"Server is Starting","timestamp":"2021-11-30T08:09:43.186Z"}
{"level":"info","message":"Server is Starting","timestamp":"2021-11-30T08:10:51.612Z"}
{"level":"info","message":"Server is Starting","timestamp":"2021-11-30T08:11:32.376Z"}
{"level":"info","message":"Server is Starting","timestamp":"2021-11-30T08:13:35.037Z"}
{"level":"info","message":"Server is Starting","timestamp":"2021-11-30T08:18:12.368Z"}
{"level":"info","message":"Server is Starting","timestamp":"2021-11-30T08:25:35.327Z"}
{"level":"info","message":"Server is Starting","timestamp":"2021-11-30T08:36:18.532Z"}
{"level":"info","message":"Server is Starting","timestamp":"2021-11-30T08:36:31.264Z"}
{"level":"info","message":"Server is Starting","timestamp":"2021-11-30T08:36:35.431Z"}
{"level":"info","message":"Server is Starting","timestamp":"2021-11-30T08:36:53.142Z"}
{"level":"info","message":"Server is Starting","timestamp":"2021-11-30T08:37:18.710Z"}
{"level":"info","message":"Server is Starting","timestamp":"2021-11-30T08:37:23.344Z"}
{"level":"info","message":"Server is Starting","timestamp":"2021-11-30T08:37:28.639Z"}
{"level":"info","message":"Server is Starting","timestamp":"2021-11-30T08:37:46.149Z"}
{"level":"info","message":"Server is Starting","timestamp":"2021-11-30T08:37:58.581Z"}
{"level":"info","message":"Server is Starting","timestamp":"2021-11-30T08:38:11.503Z"}
{"level":"info","message":"Server is Starting","timestamp":"2021-11-30T08:38:55.097Z"}
{"level":"info","message":"Server is Starting","timestamp":"2021-11-30T08:39:19.293Z"}
{"level":"info","message":"Server is Starting","timestamp":"2021-11-30T08:39:27.205Z"}
{"level":"info","message":"Server is Starting","timestamp":"2021-11-30T08:40:12.787Z"}
{"level":"info","message":"Server is Starting","timestamp":"2021-11-30T08:47:05.825Z"}
{"level":"info","message":"Server is Starting","timestamp":"2021-11-30T18:12:04.622Z"}
{"level":"info","message":"Server is Starting","timestamp":"2021-11-30T18:16:12.426Z"}
{"level":"info","message":"Server is Starting","timestamp":"2021-11-30T18:16:14.902Z"}
{"level":"info","message":"Server is Starting","timestamp":"2021-11-30T18:18:05.199Z"}
{"level":"info","message":"Server is Starting","timestamp":"2021-11-30T18:18:20.833Z"}
{"level":"info","message":"Server is Starting","timestamp":"2021-11-30T18:37:34.980Z"}
{"level":"info","message":"Server is Starting","timestamp":"2021-11-30T18:37:40.522Z"}
{"level":"info","message":"Server is Starting","timestamp":"2021-11-30T18:37:43.163Z"}
{"level":"info","message":"Server is Starting","timestamp":"2021-11-30T18:37:46.457Z"}
{"level":"info","message":"Server is Starting","timestamp":"2021-11-30T18:42:49.802Z"}
{"level":"info","message":"Server is Starting","timestamp":"2021-11-30T18:42:52.731Z"}
{"level":"info","message":"Server is Starting","timestamp":"2021-11-30T18:42:56.161Z"}
{"level":"info","message":"Server is Starting","timestamp":"2021-11-30T18:44:27.637Z"}
{"level":"info","message":"Server is Starting","timestamp":"2021-11-30T18:44:42.289Z"}
{"level":"info","message":"Server is Starting","timestamp":"2021-11-30T18:44:46.273Z"}
{"level":"info","message":"Server is Starting","timestamp":"2021-11-30T18:46:14.844Z"}
{"level":"info","message":"Server is Starting","timestamp":"2021-11-30T18:46:35.055Z"}
{"level":"info","message":"Server is Starting","timestamp":"2021-11-30T18:46:42.453Z"}
{"level":"info","message":"Server is Starting","timestamp":"2021-11-30T18:47:47.136Z"}
{"level":"info","message":"Server is Starting","timestamp":"2021-11-30T18:49:24.063Z"}
